CRITICAL - 2021-04-15 06:44:40 --> Undefined variable $modelCategorie
#0 /Users/zerapie/Documents/GitHub/projetBoutiqueEvaluation/app/Views/admin/ListCategorie.php(19): CodeIgniter\Debug\Exceptions->errorHandler(2, 'Undefined varia...', '/Users/zerapie/...', 19)
#1 /Users/zerapie/Documents/GitHub/projetBoutiqueEvaluation/vendor/codeigniter4/framework/system/View/View.php(220): include('/Users/zerapie/...')
#2 /Users/zerapie/Documents/GitHub/projetBoutiqueEvaluation/vendor/codeigniter4/framework/system/View/View.php(222): CodeIgniter\View\View->CodeIgniter\View\{closure}()
#3 /Users/zerapie/Documents/GitHub/projetBoutiqueEvaluation/vendor/codeigniter4/framework/system/Common.php(1217): CodeIgniter\View\View->render('admin/ListCateg...', Array, true)
#4 /Users/zerapie/Documents/GitHub/projetBoutiqueEvaluation/app/Controllers/Admin/ListCategorie.php(57): view('admin/ListCateg...', Array)
#5 /Users/zerapie/Documents/GitHub/projetBoutiqueEvaluation/vendor/codeigniter4/framework/system/CodeIgniter.php(936): App\Controllers\Admin\ListCategorie->index()
#6 /Users/zerapie/Documents/GitHub/projetBoutiqueEvaluation/vendor/codeigniter4/framework/system/CodeIgniter.php(432): CodeIgniter\CodeIgniter->runController(Object(App\Controllers\Admin\ListCategorie))
#7 /Users/zerapie/Documents/GitHub/projetBoutiqueEvaluation/vendor/codeigniter4/framework/system/CodeIgniter.php(333): CodeIgniter\CodeIgniter->handleRequest(NULL, Object(Config\Cache), false)
#8 /Users/zerapie/Documents/GitHub/projetBoutiqueEvaluation/public/index.php(44): CodeIgniter\CodeIgniter->run()
#9 {main}
CRITICAL - 2021-04-15 06:52:50 --> Call to a member function links() on null
#0 /Users/zerapie/Documents/GitHub/projetBoutiqueEvaluation/vendor/codeigniter4/framework/system/View/View.php(220): include()
#1 /Users/zerapie/Documents/GitHub/projetBoutiqueEvaluation/vendor/codeigniter4/framework/system/View/View.php(222): CodeIgniter\View\View->CodeIgniter\View\{closure}()
#2 /Users/zerapie/Documents/GitHub/projetBoutiqueEvaluation/vendor/codeigniter4/framework/system/Common.php(1217): CodeIgniter\View\View->render('admin/ListCateg...', Array, true)
#3 /Users/zerapie/Documents/GitHub/projetBoutiqueEvaluation/app/Controllers/Admin/ListCategorie.php(54): view('admin/ListCateg...', Array)
#4 /Users/zerapie/Documents/GitHub/projetBoutiqueEvaluation/vendor/codeigniter4/framework/system/CodeIgniter.php(936): App\Controllers\Admin\ListCategorie->index()
#5 /Users/zerapie/Documents/GitHub/projetBoutiqueEvaluation/vendor/codeigniter4/framework/system/CodeIgniter.php(432): CodeIgniter\CodeIgniter->runController(Object(App\Controllers\Admin\ListCategorie))
#6 /Users/zerapie/Documents/GitHub/projetBoutiqueEvaluation/vendor/codeigniter4/framework/system/CodeIgniter.php(333): CodeIgniter\CodeIgniter->handleRequest(NULL, Object(Config\Cache), false)
#7 /Users/zerapie/Documents/GitHub/projetBoutiqueEvaluation/public/index.php(44): CodeIgniter\CodeIgniter->run()
#8 {main}
CRITICAL - 2021-04-15 06:55:53 --> Call to a member function links() on null
#0 /Users/zerapie/Documents/GitHub/projetBoutiqueEvaluation/vendor/codeigniter4/framework/system/View/View.php(220): include()
#1 /Users/zerapie/Documents/GitHub/projetBoutiqueEvaluation/vendor/codeigniter4/framework/system/View/View.php(222): CodeIgniter\View\View->CodeIgniter\View\{closure}()
#2 /Users/zerapie/Documents/GitHub/projetBoutiqueEvaluation/vendor/codeigniter4/framework/system/Common.php(1217): CodeIgniter\View\View->render('admin/ListCateg...', Array, true)
#3 /Users/zerapie/Documents/GitHub/projetBoutiqueEvaluation/app/Controllers/Admin/ListCategorie.php(54): view('admin/ListCateg...', Array)
#4 /Users/zerapie/Documents/GitHub/projetBoutiqueEvaluation/vendor/codeigniter4/framework/system/CodeIgniter.php(936): App\Controllers\Admin\ListCategorie->index()
#5 /Users/zerapie/Documents/GitHub/projetBoutiqueEvaluation/vendor/codeigniter4/framework/system/CodeIgniter.php(432): CodeIgniter\CodeIgniter->runController(Object(App\Controllers\Admin\ListCategorie))
#6 /Users/zerapie/Documents/GitHub/projetBoutiqueEvaluation/vendor/codeigniter4/framework/system/CodeIgniter.php(333): CodeIgniter\CodeIgniter->handleRequest(NULL, Object(Config\Cache), false)
#7 /Users/zerapie/Documents/GitHub/projetBoutiqueEvaluation/public/index.php(44): CodeIgniter\CodeIgniter->run()
#8 {main}
CRITICAL - 2021-04-15 06:57:21 --> Call to a member function links() on null
#0 /Users/zerapie/Documents/GitHub/projetBoutiqueEvaluation/vendor/codeigniter4/framework/system/View/View.php(220): include()
#1 /Users/zerapie/Documents/GitHub/projetBoutiqueEvaluation/vendor/codeigniter4/framework/system/View/View.php(222): CodeIgniter\View\View->CodeIgniter\View\{closure}()
#2 /Users/zerapie/Documents/GitHub/projetBoutiqueEvaluation/vendor/codeigniter4/framework/system/Common.php(1217): CodeIgniter\View\View->render('admin/ListCateg...', Array, true)
#3 /Users/zerapie/Documents/GitHub/projetBoutiqueEvaluation/app/Controllers/Admin/ListCategorie.php(55): view('admin/ListCateg...', Array)
#4 /Users/zerapie/Documents/GitHub/projetBoutiqueEvaluation/vendor/codeigniter4/framework/system/CodeIgniter.php(936): App\Controllers\Admin\ListCategorie->index()
#5 /Users/zerapie/Documents/GitHub/projetBoutiqueEvaluation/vendor/codeigniter4/framework/system/CodeIgniter.php(432): CodeIgniter\CodeIgniter->runController(Object(App\Controllers\Admin\ListCategorie))
#6 /Users/zerapie/Documents/GitHub/projetBoutiqueEvaluation/vendor/codeigniter4/framework/system/CodeIgniter.php(333): CodeIgniter\CodeIgniter->handleRequest(NULL, Object(Config\Cache), false)
#7 /Users/zerapie/Documents/GitHub/projetBoutiqueEvaluation/public/index.php(44): CodeIgniter\CodeIgniter->run()
#8 {main}
CRITICAL - 2021-04-15 06:57:25 --> Call to a member function links() on null
#0 /Users/zerapie/Documents/GitHub/projetBoutiqueEvaluation/vendor/codeigniter4/framework/system/View/View.php(220): include()
#1 /Users/zerapie/Documents/GitHub/projetBoutiqueEvaluation/vendor/codeigniter4/framework/system/View/View.php(222): CodeIgniter\View\View->CodeIgniter\View\{closure}()
#2 /Users/zerapie/Documents/GitHub/projetBoutiqueEvaluation/vendor/codeigniter4/framework/system/Common.php(1217): CodeIgniter\View\View->render('admin/ListCateg...', Array, true)
#3 /Users/zerapie/Documents/GitHub/projetBoutiqueEvaluation/app/Controllers/Admin/ListCategorie.php(55): view('admin/ListCateg...', Array)
#4 /Users/zerapie/Documents/GitHub/projetBoutiqueEvaluation/vendor/codeigniter4/framework/system/CodeIgniter.php(936): App\Controllers\Admin\ListCategorie->index()
#5 /Users/zerapie/Documents/GitHub/projetBoutiqueEvaluation/vendor/codeigniter4/framework/system/CodeIgniter.php(432): CodeIgniter\CodeIgniter->runController(Object(App\Controllers\Admin\ListCategorie))
#6 /Users/zerapie/Documents/GitHub/projetBoutiqueEvaluation/vendor/codeigniter4/framework/system/CodeIgniter.php(333): CodeIgniter\CodeIgniter->handleRequest(NULL, Object(Config\Cache), false)
#7 /Users/zerapie/Documents/GitHub/projetBoutiqueEvaluation/public/index.php(44): CodeIgniter\CodeIgniter->run()
#8 {main}
CRITICAL - 2021-04-15 06:57:27 --> Call to a member function links() on null
#0 /Users/zerapie/Documents/GitHub/projetBoutiqueEvaluation/vendor/codeigniter4/framework/system/View/View.php(220): include()
#1 /Users/zerapie/Documents/GitHub/projetBoutiqueEvaluation/vendor/codeigniter4/framework/system/View/View.php(222): CodeIgniter\View\View->CodeIgniter\View\{closure}()
#2 /Users/zerapie/Documents/GitHub/projetBoutiqueEvaluation/vendor/codeigniter4/framework/system/Common.php(1217): CodeIgniter\View\View->render('admin/ListCateg...', Array, true)
#3 /Users/zerapie/Documents/GitHub/projetBoutiqueEvaluation/app/Controllers/Admin/ListCategorie.php(55): view('admin/ListCateg...', Array)
#4 /Users/zerapie/Documents/GitHub/projetBoutiqueEvaluation/vendor/codeigniter4/framework/system/CodeIgniter.php(936): App\Controllers\Admin\ListCategorie->index()
#5 /Users/zerapie/Documents/GitHub/projetBoutiqueEvaluation/vendor/codeigniter4/framework/system/CodeIgniter.php(432): CodeIgniter\CodeIgniter->runController(Object(App\Controllers\Admin\ListCategorie))
#6 /Users/zerapie/Documents/GitHub/projetBoutiqueEvaluation/vendor/codeigniter4/framework/system/CodeIgniter.php(333): CodeIgniter\CodeIgniter->handleRequest(NULL, Object(Config\Cache), false)
#7 /Users/zerapie/Documents/GitHub/projetBoutiqueEvaluation/public/index.php(44): CodeIgniter\CodeIgniter->run()
#8 {main}
CRITICAL - 2021-04-15 06:57:33 --> Call to a member function links() on null
#0 /Users/zerapie/Documents/GitHub/projetBoutiqueEvaluation/vendor/codeigniter4/framework/system/View/View.php(220): include()
#1 /Users/zerapie/Documents/GitHub/projetBoutiqueEvaluation/vendor/codeigniter4/framework/system/View/View.php(222): CodeIgniter\View\View->CodeIgniter\View\{closure}()
#2 /Users/zerapie/Documents/GitHub/projetBoutiqueEvaluation/vendor/codeigniter4/framework/system/Common.php(1217): CodeIgniter\View\View->render('admin/ListCateg...', Array, true)
#3 /Users/zerapie/Documents/GitHub/projetBoutiqueEvaluation/app/Controllers/Admin/ListCategorie.php(55): view('admin/ListCateg...', Array)
#4 /Users/zerapie/Documents/GitHub/projetBoutiqueEvaluation/vendor/codeigniter4/framework/system/CodeIgniter.php(936): App\Controllers\Admin\ListCategorie->index()
#5 /Users/zerapie/Documents/GitHub/projetBoutiqueEvaluation/vendor/codeigniter4/framework/system/CodeIgniter.php(432): CodeIgniter\CodeIgniter->runController(Object(App\Controllers\Admin\ListCategorie))
#6 /Users/zerapie/Documents/GitHub/projetBoutiqueEvaluation/vendor/codeigniter4/framework/system/CodeIgniter.php(333): CodeIgniter\CodeIgniter->handleRequest(NULL, Object(Config\Cache), false)
#7 /Users/zerapie/Documents/GitHub/projetBoutiqueEvaluation/public/index.php(44): CodeIgniter\CodeIgniter->run()
#8 {main}
CRITICAL - 2021-04-15 06:58:27 --> Call to a member function links() on null
#0 /Users/zerapie/Documents/GitHub/projetBoutiqueEvaluation/vendor/codeigniter4/framework/system/View/View.php(220): include()
#1 /Users/zerapie/Documents/GitHub/projetBoutiqueEvaluation/vendor/codeigniter4/framework/system/View/View.php(222): CodeIgniter\View\View->CodeIgniter\View\{closure}()
#2 /Users/zerapie/Documents/GitHub/projetBoutiqueEvaluation/vendor/codeigniter4/framework/system/Common.php(1217): CodeIgniter\View\View->render('admin/ListCateg...', Array, true)
#3 /Users/zerapie/Documents/GitHub/projetBoutiqueEvaluation/app/Controllers/Admin/ListCategorie.php(55): view('admin/ListCateg...', Array)
#4 /Users/zerapie/Documents/GitHub/projetBoutiqueEvaluation/vendor/codeigniter4/framework/system/CodeIgniter.php(936): App\Controllers\Admin\ListCategorie->index()
#5 /Users/zerapie/Documents/GitHub/projetBoutiqueEvaluation/vendor/codeigniter4/framework/system/CodeIgniter.php(432): CodeIgniter\CodeIgniter->runController(Object(App\Controllers\Admin\ListCategorie))
#6 /Users/zerapie/Documents/GitHub/projetBoutiqueEvaluation/vendor/codeigniter4/framework/system/CodeIgniter.php(333): CodeIgniter\CodeIgniter->handleRequest(NULL, Object(Config\Cache), false)
#7 /Users/zerapie/Documents/GitHub/projetBoutiqueEvaluation/public/index.php(44): CodeIgniter\CodeIgniter->run()
#8 {main}
CRITICAL - 2021-04-15 06:58:29 --> Call to a member function links() on null
#0 /Users/zerapie/Documents/GitHub/projetBoutiqueEvaluation/vendor/codeigniter4/framework/system/View/View.php(220): include()
#1 /Users/zerapie/Documents/GitHub/projetBoutiqueEvaluation/vendor/codeigniter4/framework/system/View/View.php(222): CodeIgniter\View\View->CodeIgniter\View\{closure}()
#2 /Users/zerapie/Documents/GitHub/projetBoutiqueEvaluation/vendor/codeigniter4/framework/system/Common.php(1217): CodeIgniter\View\View->render('admin/ListCateg...', Array, true)
#3 /Users/zerapie/Documents/GitHub/projetBoutiqueEvaluation/app/Controllers/Admin/ListCategorie.php(55): view('admin/ListCateg...', Array)
#4 /Users/zerapie/Documents/GitHub/projetBoutiqueEvaluation/vendor/codeigniter4/framework/system/CodeIgniter.php(936): App\Controllers\Admin\ListCategorie->index()
#5 /Users/zerapie/Documents/GitHub/projetBoutiqueEvaluation/vendor/codeigniter4/framework/system/CodeIgniter.php(432): CodeIgniter\CodeIgniter->runController(Object(App\Controllers\Admin\ListCategorie))
#6 /Users/zerapie/Documents/GitHub/projetBoutiqueEvaluation/vendor/codeigniter4/framework/system/CodeIgniter.php(333): CodeIgniter\CodeIgniter->handleRequest(NULL, Object(Config\Cache), false)
#7 /Users/zerapie/Documents/GitHub/projetBoutiqueEvaluation/public/index.php(44): CodeIgniter\CodeIgniter->run()
#8 {main}
CRITICAL - 2021-04-15 06:58:33 --> Call to a member function links() on null
#0 /Users/zerapie/Documents/GitHub/projetBoutiqueEvaluation/vendor/codeigniter4/framework/system/View/View.php(220): include()
#1 /Users/zerapie/Documents/GitHub/projetBoutiqueEvaluation/vendor/codeigniter4/framework/system/View/View.php(222): CodeIgniter\View\View->CodeIgniter\View\{closure}()
#2 /Users/zerapie/Documents/GitHub/projetBoutiqueEvaluation/vendor/codeigniter4/framework/system/Common.php(1217): CodeIgniter\View\View->render('admin/ListCateg...', Array, true)
#3 /Users/zerapie/Documents/GitHub/projetBoutiqueEvaluation/app/Controllers/Admin/ListCategorie.php(55): view('admin/ListCateg...', Array)
#4 /Users/zerapie/Documents/GitHub/projetBoutiqueEvaluation/vendor/codeigniter4/framework/system/CodeIgniter.php(936): App\Controllers\Admin\ListCategorie->index()
#5 /Users/zerapie/Documents/GitHub/projetBoutiqueEvaluation/vendor/codeigniter4/framework/system/CodeIgniter.php(432): CodeIgniter\CodeIgniter->runController(Object(App\Controllers\Admin\ListCategorie))
#6 /Users/zerapie/Documents/GitHub/projetBoutiqueEvaluation/vendor/codeigniter4/framework/system/CodeIgniter.php(333): CodeIgniter\CodeIgniter->handleRequest(NULL, Object(Config\Cache), false)
#7 /Users/zerapie/Documents/GitHub/projetBoutiqueEvaluation/public/index.php(44): CodeIgniter\CodeIgniter->run()
#8 {main}
CRITICAL - 2021-04-15 07:37:21 --> Undefined property: App\Controllers\Admin\ListSousCategorie::$modelCategorie
#0 /Users/zerapie/Documents/GitHub/projetBoutiqueEvaluation/app/Controllers/Admin/ListSousCategorie.php(48): CodeIgniter\Debug\Exceptions->errorHandler(2, 'Undefined prope...', '/Users/zerapie/...', 48)
#1 /Users/zerapie/Documents/GitHub/projetBoutiqueEvaluation/vendor/codeigniter4/framework/system/CodeIgniter.php(936): App\Controllers\Admin\ListSousCategorie->index()
#2 /Users/zerapie/Documents/GitHub/projetBoutiqueEvaluation/vendor/codeigniter4/framework/system/CodeIgniter.php(432): CodeIgniter\CodeIgniter->runController(Object(App\Controllers\Admin\ListSousCategorie))
#3 /Users/zerapie/Documents/GitHub/projetBoutiqueEvaluation/vendor/codeigniter4/framework/system/CodeIgniter.php(333): CodeIgniter\CodeIgniter->handleRequest(NULL, Object(Config\Cache), false)
#4 /Users/zerapie/Documents/GitHub/projetBoutiqueEvaluation/public/index.php(44): CodeIgniter\CodeIgniter->run()
#5 {main}
CRITICAL - 2021-04-15 07:37:49 --> Undefined property: App\Controllers\Admin\ListSousCategorie::$modelCategorie
#0 /Users/zerapie/Documents/GitHub/projetBoutiqueEvaluation/app/Controllers/Admin/ListSousCategorie.php(47): CodeIgniter\Debug\Exceptions->errorHandler(2, 'Undefined prope...', '/Users/zerapie/...', 47)
#1 /Users/zerapie/Documents/GitHub/projetBoutiqueEvaluation/vendor/codeigniter4/framework/system/CodeIgniter.php(936): App\Controllers\Admin\ListSousCategorie->index()
#2 /Users/zerapie/Documents/GitHub/projetBoutiqueEvaluation/vendor/codeigniter4/framework/system/CodeIgniter.php(432): CodeIgniter\CodeIgniter->runController(Object(App\Controllers\Admin\ListSousCategorie))
#3 /Users/zerapie/Documents/GitHub/projetBoutiqueEvaluation/vendor/codeigniter4/framework/system/CodeIgniter.php(333): CodeIgniter\CodeIgniter->handleRequest(NULL, Object(Config\Cache), false)
#4 /Users/zerapie/Documents/GitHub/projetBoutiqueEvaluation/public/index.php(44): CodeIgniter\CodeIgniter->run()
#5 {main}
CRITICAL - 2021-04-15 07:39:41 --> Undefined property: App\Controllers\Admin\ListSousCategorie::$modelCategorie
#0 /Users/zerapie/Documents/GitHub/projetBoutiqueEvaluation/app/Controllers/Admin/ListSousCategorie.php(47): CodeIgniter\Debug\Exceptions->errorHandler(2, 'Undefined prope...', '/Users/zerapie/...', 47)
#1 /Users/zerapie/Documents/GitHub/projetBoutiqueEvaluation/vendor/codeigniter4/framework/system/CodeIgniter.php(936): App\Controllers\Admin\ListSousCategorie->index()
#2 /Users/zerapie/Documents/GitHub/projetBoutiqueEvaluation/vendor/codeigniter4/framework/system/CodeIgniter.php(432): CodeIgniter\CodeIgniter->runController(Object(App\Controllers\Admin\ListSousCategorie))
#3 /Users/zerapie/Documents/GitHub/projetBoutiqueEvaluation/vendor/codeigniter4/framework/system/CodeIgniter.php(333): CodeIgniter\CodeIgniter->handleRequest(NULL, Object(Config\Cache), false)
#4 /Users/zerapie/Documents/GitHub/projetBoutiqueEvaluation/public/index.php(44): CodeIgniter\CodeIgniter->run()
#5 {main}
CRITICAL - 2021-04-15 07:51:43 --> Undefined variable $categorie
#0 /Users/zerapie/Documents/GitHub/projetBoutiqueEvaluation/app/Views/admin/ListCategorie.php(32): CodeIgniter\Debug\Exceptions->errorHandler(2, 'Undefined varia...', '/Users/zerapie/...', 32)
#1 /Users/zerapie/Documents/GitHub/projetBoutiqueEvaluation/vendor/codeigniter4/framework/system/View/View.php(220): include('/Users/zerapie/...')
#2 /Users/zerapie/Documents/GitHub/projetBoutiqueEvaluation/vendor/codeigniter4/framework/system/View/View.php(222): CodeIgniter\View\View->CodeIgniter\View\{closure}()
#3 /Users/zerapie/Documents/GitHub/projetBoutiqueEvaluation/vendor/codeigniter4/framework/system/Common.php(1217): CodeIgniter\View\View->render('admin/ListCateg...', Array, true)
#4 /Users/zerapie/Documents/GitHub/projetBoutiqueEvaluation/app/Controllers/Admin/ListCategorie.php(54): view('admin/ListCateg...', Array)
#5 /Users/zerapie/Documents/GitHub/projetBoutiqueEvaluation/vendor/codeigniter4/framework/system/CodeIgniter.php(936): App\Controllers\Admin\ListCategorie->index()
#6 /Users/zerapie/Documents/GitHub/projetBoutiqueEvaluation/vendor/codeigniter4/framework/system/CodeIgniter.php(432): CodeIgniter\CodeIgniter->runController(Object(App\Controllers\Admin\ListCategorie))
#7 /Users/zerapie/Documents/GitHub/projetBoutiqueEvaluation/vendor/codeigniter4/framework/system/CodeIgniter.php(333): CodeIgniter\CodeIgniter->handleRequest(NULL, Object(Config\Cache), false)
#8 /Users/zerapie/Documents/GitHub/projetBoutiqueEvaluation/public/index.php(44): CodeIgniter\CodeIgniter->run()
#9 {main}
CRITICAL - 2021-04-15 09:56:08 --> Undefined variable $session
#0 /Users/zerapie/Documents/GitHub/projetBoutiqueEvaluation/app/Views/common/Header.php(113): CodeIgniter\Debug\Exceptions->errorHandler(2, 'Undefined varia...', '/Users/zerapie/...', 113)
#1 /Users/zerapie/Documents/GitHub/projetBoutiqueEvaluation/vendor/codeigniter4/framework/system/View/View.php(220): include('/Users/zerapie/...')
#2 /Users/zerapie/Documents/GitHub/projetBoutiqueEvaluation/vendor/codeigniter4/framework/system/View/View.php(222): CodeIgniter\View\View->CodeIgniter\View\{closure}()
#3 /Users/zerapie/Documents/GitHub/projetBoutiqueEvaluation/vendor/codeigniter4/framework/system/Common.php(1217): CodeIgniter\View\View->render('common/Header', Array, true)
#4 /Users/zerapie/Documents/GitHub/projetBoutiqueEvaluation/app/Controllers/OrderComplete.php(15): view('common/Header')
#5 /Users/zerapie/Documents/GitHub/projetBoutiqueEvaluation/vendor/codeigniter4/framework/system/CodeIgniter.php(936): App\Controllers\OrderComplete->index()
#6 /Users/zerapie/Documents/GitHub/projetBoutiqueEvaluation/vendor/codeigniter4/framework/system/CodeIgniter.php(432): CodeIgniter\CodeIgniter->runController(Object(App\Controllers\OrderComplete))
#7 /Users/zerapie/Documents/GitHub/projetBoutiqueEvaluation/vendor/codeigniter4/framework/system/CodeIgniter.php(333): CodeIgniter\CodeIgniter->handleRequest(NULL, Object(Config\Cache), false)
#8 /Users/zerapie/Documents/GitHub/projetBoutiqueEvaluation/public/index.php(44): CodeIgniter\CodeIgniter->run()
#9 {main}
CRITICAL - 2021-04-15 10:00:20 --> Undefined variable $session
#0 /Users/zerapie/Documents/GitHub/projetBoutiqueEvaluation/app/Views/common/Header.php(113): CodeIgniter\Debug\Exceptions->errorHandler(2, 'Undefined varia...', '/Users/zerapie/...', 113)
#1 /Users/zerapie/Documents/GitHub/projetBoutiqueEvaluation/vendor/codeigniter4/framework/system/View/View.php(220): include('/Users/zerapie/...')
#2 /Users/zerapie/Documents/GitHub/projetBoutiqueEvaluation/vendor/codeigniter4/framework/system/View/View.php(222): CodeIgniter\View\View->CodeIgniter\View\{closure}()
#3 /Users/zerapie/Documents/GitHub/projetBoutiqueEvaluation/vendor/codeigniter4/framework/system/Common.php(1217): CodeIgniter\View\View->render('common/Header', Array, true)
#4 /Users/zerapie/Documents/GitHub/projetBoutiqueEvaluation/app/Controllers/OrderComplete.php(15): view('common/Header')
#5 /Users/zerapie/Documents/GitHub/projetBoutiqueEvaluation/vendor/codeigniter4/framework/system/CodeIgniter.php(936): App\Controllers\OrderComplete->index()
#6 /Users/zerapie/Documents/GitHub/projetBoutiqueEvaluation/vendor/codeigniter4/framework/system/CodeIgniter.php(432): CodeIgniter\CodeIgniter->runController(Object(App\Controllers\OrderComplete))
#7 /Users/zerapie/Documents/GitHub/projetBoutiqueEvaluation/vendor/codeigniter4/framework/system/CodeIgniter.php(333): CodeIgniter\CodeIgniter->handleRequest(NULL, Object(Config\Cache), false)
#8 /Users/zerapie/Documents/GitHub/projetBoutiqueEvaluation/public/index.php(44): CodeIgniter\CodeIgniter->run()
#9 {main}
CRITICAL - 2021-04-15 10:34:00 --> Undefined variable $variable
#0 /Users/zerapie/Documents/GitHub/projetBoutiqueEvaluation/app/Views/admin/ListOrders.php(84): CodeIgniter\Debug\Exceptions->errorHandler(2, 'Undefined varia...', '/Users/zerapie/...', 84)
#1 /Users/zerapie/Documents/GitHub/projetBoutiqueEvaluation/vendor/codeigniter4/framework/system/View/View.php(220): include('/Users/zerapie/...')
#2 /Users/zerapie/Documents/GitHub/projetBoutiqueEvaluation/vendor/codeigniter4/framework/system/View/View.php(222): CodeIgniter\View\View->CodeIgniter\View\{closure}()
#3 /Users/zerapie/Documents/GitHub/projetBoutiqueEvaluation/vendor/codeigniter4/framework/system/Common.php(1217): CodeIgniter\View\View->render('admin/ListOrder...', Array, true)
#4 /Users/zerapie/Documents/GitHub/projetBoutiqueEvaluation/app/Controllers/Admin/ListOrders.php(26): view('admin/ListOrder...', Array)
#5 /Users/zerapie/Documents/GitHub/projetBoutiqueEvaluation/vendor/codeigniter4/framework/system/CodeIgniter.php(936): App\Controllers\Admin\ListOrders->index()
#6 /Users/zerapie/Documents/GitHub/projetBoutiqueEvaluation/vendor/codeigniter4/framework/system/CodeIgniter.php(432): CodeIgniter\CodeIgniter->runController(Object(App\Controllers\Admin\ListOrders))
#7 /Users/zerapie/Documents/GitHub/projetBoutiqueEvaluation/vendor/codeigniter4/framework/system/CodeIgniter.php(333): CodeIgniter\CodeIgniter->handleRequest(NULL, Object(Config\Cache), false)
#8 /Users/zerapie/Documents/GitHub/projetBoutiqueEvaluation/public/index.php(44): CodeIgniter\CodeIgniter->run()
#9 {main}
CRITICAL - 2021-04-15 10:43:03 --> Undefined variable $variable
#0 /Users/zerapie/Documents/GitHub/projetBoutiqueEvaluation/app/Views/admin/ListOrders.php(84): CodeIgniter\Debug\Exceptions->errorHandler(2, 'Undefined varia...', '/Users/zerapie/...', 84)
#1 /Users/zerapie/Documents/GitHub/projetBoutiqueEvaluation/vendor/codeigniter4/framework/system/View/View.php(220): include('/Users/zerapie/...')
#2 /Users/zerapie/Documents/GitHub/projetBoutiqueEvaluation/vendor/codeigniter4/framework/system/View/View.php(222): CodeIgniter\View\View->CodeIgniter\View\{closure}()
#3 /Users/zerapie/Documents/GitHub/projetBoutiqueEvaluation/vendor/codeigniter4/framework/system/Common.php(1217): CodeIgniter\View\View->render('admin/ListOrder...', Array, true)
#4 /Users/zerapie/Documents/GitHub/projetBoutiqueEvaluation/app/Controllers/Admin/ListOrders.php(26): view('admin/ListOrder...', Array)
#5 /Users/zerapie/Documents/GitHub/projetBoutiqueEvaluation/vendor/codeigniter4/framework/system/CodeIgniter.php(936): App\Controllers\Admin\ListOrders->index()
#6 /Users/zerapie/Documents/GitHub/projetBoutiqueEvaluation/vendor/codeigniter4/framework/system/CodeIgniter.php(432): CodeIgniter\CodeIgniter->runController(Object(App\Controllers\Admin\ListOrders))
#7 /Users/zerapie/Documents/GitHub/projetBoutiqueEvaluation/vendor/codeigniter4/framework/system/CodeIgniter.php(333): CodeIgniter\CodeIgniter->handleRequest(NULL, Object(Config\Cache), false)
#8 /Users/zerapie/Documents/GitHub/projetBoutiqueEvaluation/public/index.php(44): CodeIgniter\CodeIgniter->run()
#9 {main}
CRITICAL - 2021-04-15 10:59:05 --> Undefined variable $variable
#0 /Users/zerapie/Documents/GitHub/projetBoutiqueEvaluation/app/Views/admin/ListOrders.php(84): CodeIgniter\Debug\Exceptions->errorHandler(2, 'Undefined varia...', '/Users/zerapie/...', 84)
#1 /Users/zerapie/Documents/GitHub/projetBoutiqueEvaluation/vendor/codeigniter4/framework/system/View/View.php(220): include('/Users/zerapie/...')
#2 /Users/zerapie/Documents/GitHub/projetBoutiqueEvaluation/vendor/codeigniter4/framework/system/View/View.php(222): CodeIgniter\View\View->CodeIgniter\View\{closure}()
#3 /Users/zerapie/Documents/GitHub/projetBoutiqueEvaluation/vendor/codeigniter4/framework/system/Common.php(1217): CodeIgniter\View\View->render('admin/ListOrder...', Array, true)
#4 /Users/zerapie/Documents/GitHub/projetBoutiqueEvaluation/app/Controllers/Admin/ListOrders.php(26): view('admin/ListOrder...', Array)
#5 /Users/zerapie/Documents/GitHub/projetBoutiqueEvaluation/vendor/codeigniter4/framework/system/CodeIgniter.php(936): App\Controllers\Admin\ListOrders->index()
#6 /Users/zerapie/Documents/GitHub/projetBoutiqueEvaluation/vendor/codeigniter4/framework/system/CodeIgniter.php(432): CodeIgniter\CodeIgniter->runController(Object(App\Controllers\Admin\ListOrders))
#7 /Users/zerapie/Documents/GitHub/projetBoutiqueEvaluation/vendor/codeigniter4/framework/system/CodeIgniter.php(333): CodeIgniter\CodeIgniter->handleRequest(NULL, Object(Config\Cache), false)
#8 /Users/zerapie/Documents/GitHub/projetBoutiqueEvaluation/public/index.php(44): CodeIgniter\CodeIgniter->run()
#9 {main}
CRITICAL - 2021-04-15 12:40:02 --> Undefined variable $variable
#0 /Users/zerapie/Documents/GitHub/projetBoutiqueEvaluation/app/Views/admin/ListOrders.php(84): CodeIgniter\Debug\Exceptions->errorHandler(2, 'Undefined varia...', '/Users/zerapie/...', 84)
#1 /Users/zerapie/Documents/GitHub/projetBoutiqueEvaluation/vendor/codeigniter4/framework/system/View/View.php(220): include('/Users/zerapie/...')
#2 /Users/zerapie/Documents/GitHub/projetBoutiqueEvaluation/vendor/codeigniter4/framework/system/View/View.php(222): CodeIgniter\View\View->CodeIgniter\View\{closure}()
#3 /Users/zerapie/Documents/GitHub/projetBoutiqueEvaluation/vendor/codeigniter4/framework/system/Common.php(1217): CodeIgniter\View\View->render('admin/ListOrder...', Array, true)
#4 /Users/zerapie/Documents/GitHub/projetBoutiqueEvaluation/app/Controllers/Admin/ListOrders.php(26): view('admin/ListOrder...', Array)
#5 /Users/zerapie/Documents/GitHub/projetBoutiqueEvaluation/vendor/codeigniter4/framework/system/CodeIgniter.php(936): App\Controllers\Admin\ListOrders->index()
#6 /Users/zerapie/Documents/GitHub/projetBoutiqueEvaluation/vendor/codeigniter4/framework/system/CodeIgniter.php(432): CodeIgniter\CodeIgniter->runController(Object(App\Controllers\Admin\ListOrders))
#7 /Users/zerapie/Documents/GitHub/projetBoutiqueEvaluation/vendor/codeigniter4/framework/system/CodeIgniter.php(333): CodeIgniter\CodeIgniter->handleRequest(NULL, Object(Config\Cache), false)
#8 /Users/zerapie/Documents/GitHub/projetBoutiqueEvaluation/public/index.php(44): CodeIgniter\CodeIgniter->run()
#9 {main}
CRITICAL - 2021-04-15 12:42:57 --> Undefined variable $variable
#0 /Users/zerapie/Documents/GitHub/projetBoutiqueEvaluation/app/Views/admin/ListOrders.php(84): CodeIgniter\Debug\Exceptions->errorHandler(2, 'Undefined varia...', '/Users/zerapie/...', 84)
#1 /Users/zerapie/Documents/GitHub/projetBoutiqueEvaluation/vendor/codeigniter4/framework/system/View/View.php(220): include('/Users/zerapie/...')
#2 /Users/zerapie/Documents/GitHub/projetBoutiqueEvaluation/vendor/codeigniter4/framework/system/View/View.php(222): CodeIgniter\View\View->CodeIgniter\View\{closure}()
#3 /Users/zerapie/Documents/GitHub/projetBoutiqueEvaluation/vendor/codeigniter4/framework/system/Common.php(1217): CodeIgniter\View\View->render('admin/ListOrder...', Array, true)
#4 /Users/zerapie/Documents/GitHub/projetBoutiqueEvaluation/app/Controllers/Admin/ListOrders.php(26): view('admin/ListOrder...', Array)
#5 /Users/zerapie/Documents/GitHub/projetBoutiqueEvaluation/vendor/codeigniter4/framework/system/CodeIgniter.php(936): App\Controllers\Admin\ListOrders->index()
#6 /Users/zerapie/Documents/GitHub/projetBoutiqueEvaluation/vendor/codeigniter4/framework/system/CodeIgniter.php(432): CodeIgniter\CodeIgniter->runController(Object(App\Controllers\Admin\ListOrders))
#7 /Users/zerapie/Documents/GitHub/projetBoutiqueEvaluation/vendor/codeigniter4/framework/system/CodeIgniter.php(333): CodeIgniter\CodeIgniter->handleRequest(NULL, Object(Config\Cache), false)
#8 /Users/zerapie/Documents/GitHub/projetBoutiqueEvaluation/public/index.php(44): CodeIgniter\CodeIgniter->run()
#9 {main}
CRITICAL - 2021-04-15 12:52:16 --> Class "App\Controllers\OrdersModel" not found
#0 /Users/zerapie/Documents/GitHub/projetBoutiqueEvaluation/vendor/codeigniter4/framework/system/CodeIgniter.php(908): App\Controllers\Admin\ListOrders->__construct()
#1 /Users/zerapie/Documents/GitHub/projetBoutiqueEvaluation/vendor/codeigniter4/framework/system/CodeIgniter.php(422): CodeIgniter\CodeIgniter->createController()
#2 /Users/zerapie/Documents/GitHub/projetBoutiqueEvaluation/vendor/codeigniter4/framework/system/CodeIgniter.php(333): CodeIgniter\CodeIgniter->handleRequest(NULL, Object(Config\Cache), false)
#3 /Users/zerapie/Documents/GitHub/projetBoutiqueEvaluation/public/index.php(44): CodeIgniter\CodeIgniter->run()
#4 {main}
CRITICAL - 2021-04-15 12:52:48 --> Class "App\Controllers\OrdersModel" not found
#0 /Users/zerapie/Documents/GitHub/projetBoutiqueEvaluation/vendor/codeigniter4/framework/system/CodeIgniter.php(908): App\Controllers\Admin\ListOrders->__construct()
#1 /Users/zerapie/Documents/GitHub/projetBoutiqueEvaluation/vendor/codeigniter4/framework/system/CodeIgniter.php(422): CodeIgniter\CodeIgniter->createController()
#2 /Users/zerapie/Documents/GitHub/projetBoutiqueEvaluation/vendor/codeigniter4/framework/system/CodeIgniter.php(333): CodeIgniter\CodeIgniter->handleRequest(NULL, Object(Config\Cache), false)
#3 /Users/zerapie/Documents/GitHub/projetBoutiqueEvaluation/public/index.php(44): CodeIgniter\CodeIgniter->run()
#4 {main}
CRITICAL - 2021-04-15 13:09:48 --> Undefined variable $session
#0 /Users/zerapie/Documents/GitHub/projetBoutiqueEvaluation/app/Views/common/Header.php(113): CodeIgniter\Debug\Exceptions->errorHandler(2, 'Undefined varia...', '/Users/zerapie/...', 113)
#1 /Users/zerapie/Documents/GitHub/projetBoutiqueEvaluation/vendor/codeigniter4/framework/system/View/View.php(220): include('/Users/zerapie/...')
#2 /Users/zerapie/Documents/GitHub/projetBoutiqueEvaluation/vendor/codeigniter4/framework/system/View/View.php(222): CodeIgniter\View\View->CodeIgniter\View\{closure}()
#3 /Users/zerapie/Documents/GitHub/projetBoutiqueEvaluation/vendor/codeigniter4/framework/system/Common.php(1217): CodeIgniter\View\View->render('common/Header', Array, true)
#4 /Users/zerapie/Documents/GitHub/projetBoutiqueEvaluation/app/Controllers/Home.php(15): view('common/Header')
#5 /Users/zerapie/Documents/GitHub/projetBoutiqueEvaluation/vendor/codeigniter4/framework/system/CodeIgniter.php(936): App\Controllers\Home->index()
#6 /Users/zerapie/Documents/GitHub/projetBoutiqueEvaluation/vendor/codeigniter4/framework/system/CodeIgniter.php(432): CodeIgniter\CodeIgniter->runController(Object(App\Controllers\Home))
#7 /Users/zerapie/Documents/GitHub/projetBoutiqueEvaluation/vendor/codeigniter4/framework/system/CodeIgniter.php(333): CodeIgniter\CodeIgniter->handleRequest(NULL, Object(Config\Cache), false)
#8 /Users/zerapie/Documents/GitHub/projetBoutiqueEvaluation/public/index.php(44): CodeIgniter\CodeIgniter->run()
#9 {main}
CRITICAL - 2021-04-15 13:09:54 --> Undefined variable $session
#0 /Users/zerapie/Documents/GitHub/projetBoutiqueEvaluation/app/Views/common/Header.php(113): CodeIgniter\Debug\Exceptions->errorHandler(2, 'Undefined varia...', '/Users/zerapie/...', 113)
#1 /Users/zerapie/Documents/GitHub/projetBoutiqueEvaluation/vendor/codeigniter4/framework/system/View/View.php(220): include('/Users/zerapie/...')
#2 /Users/zerapie/Documents/GitHub/projetBoutiqueEvaluation/vendor/codeigniter4/framework/system/View/View.php(222): CodeIgniter\View\View->CodeIgniter\View\{closure}()
#3 /Users/zerapie/Documents/GitHub/projetBoutiqueEvaluation/vendor/codeigniter4/framework/system/Common.php(1217): CodeIgniter\View\View->render('common/Header', Array, true)
#4 /Users/zerapie/Documents/GitHub/projetBoutiqueEvaluation/app/Controllers/Home.php(15): view('common/Header')
#5 /Users/zerapie/Documents/GitHub/projetBoutiqueEvaluation/vendor/codeigniter4/framework/system/CodeIgniter.php(936): App\Controllers\Home->index()
#6 /Users/zerapie/Documents/GitHub/projetBoutiqueEvaluation/vendor/codeigniter4/framework/system/CodeIgniter.php(432): CodeIgniter\CodeIgniter->runController(Object(App\Controllers\Home))
#7 /Users/zerapie/Documents/GitHub/projetBoutiqueEvaluation/vendor/codeigniter4/framework/system/CodeIgniter.php(333): CodeIgniter\CodeIgniter->handleRequest(NULL, Object(Config\Cache), false)
#8 /Users/zerapie/Documents/GitHub/projetBoutiqueEvaluation/public/index.php(44): CodeIgniter\CodeIgniter->run()
#9 {main}
CRITICAL - 2021-04-15 13:33:42 --> Class "App\Controllers\LoginRegisterModel" not found
#0 /Users/zerapie/Documents/GitHub/projetBoutiqueEvaluation/vendor/codeigniter4/framework/system/CodeIgniter.php(908): App\Controllers\User->__construct()
#1 /Users/zerapie/Documents/GitHub/projetBoutiqueEvaluation/vendor/codeigniter4/framework/system/CodeIgniter.php(422): CodeIgniter\CodeIgniter->createController()
#2 /Users/zerapie/Documents/GitHub/projetBoutiqueEvaluation/vendor/codeigniter4/framework/system/CodeIgniter.php(333): CodeIgniter\CodeIgniter->handleRequest(NULL, Object(Config\Cache), false)
#3 /Users/zerapie/Documents/GitHub/projetBoutiqueEvaluation/public/index.php(44): CodeIgniter\CodeIgniter->run()
#4 {main}
CRITICAL - 2021-04-15 13:40:21 --> Undefined variable $session
#0 /Users/zerapie/Documents/GitHub/projetBoutiqueEvaluation/app/Views/common/Header.php(113): CodeIgniter\Debug\Exceptions->errorHandler(2, 'Undefined varia...', '/Users/zerapie/...', 113)
#1 /Users/zerapie/Documents/GitHub/projetBoutiqueEvaluation/vendor/codeigniter4/framework/system/View/View.php(220): include('/Users/zerapie/...')
#2 /Users/zerapie/Documents/GitHub/projetBoutiqueEvaluation/vendor/codeigniter4/framework/system/View/View.php(222): CodeIgniter\View\View->CodeIgniter\View\{closure}()
#3 /Users/zerapie/Documents/GitHub/projetBoutiqueEvaluation/vendor/codeigniter4/framework/system/Common.php(1217): CodeIgniter\View\View->render('common/Header', Array, true)
#4 /Users/zerapie/Documents/GitHub/projetBoutiqueEvaluation/app/Controllers/Home.php(15): view('common/Header')
#5 /Users/zerapie/Documents/GitHub/projetBoutiqueEvaluation/vendor/codeigniter4/framework/system/CodeIgniter.php(936): App\Controllers\Home->index()
#6 /Users/zerapie/Documents/GitHub/projetBoutiqueEvaluation/vendor/codeigniter4/framework/system/CodeIgniter.php(432): CodeIgniter\CodeIgniter->runController(Object(App\Controllers\Home))
#7 /Users/zerapie/Documents/GitHub/projetBoutiqueEvaluation/vendor/codeigniter4/framework/system/CodeIgniter.php(333): CodeIgniter\CodeIgniter->handleRequest(NULL, Object(Config\Cache), false)
#8 /Users/zerapie/Documents/GitHub/projetBoutiqueEvaluation/public/index.php(44): CodeIgniter\CodeIgniter->run()
#9 {main}
CRITICAL - 2021-04-15 14:09:45 --> Cannot declare class App\Controllers\NomFichierController, because the name is already in use
#0 [internal function]: CodeIgniter\Debug\Exceptions->shutdownHandler()
#1 {main}
CRITICAL - 2021-04-15 14:15:05 --> Undefined variable $session
#0 /Users/zerapie/Documents/GitHub/projetBoutiqueEvaluation/app/Views/common/Header.php(113): CodeIgniter\Debug\Exceptions->errorHandler(2, 'Undefined varia...', '/Users/zerapie/...', 113)
#1 /Users/zerapie/Documents/GitHub/projetBoutiqueEvaluation/vendor/codeigniter4/framework/system/View/View.php(220): include('/Users/zerapie/...')
#2 /Users/zerapie/Documents/GitHub/projetBoutiqueEvaluation/vendor/codeigniter4/framework/system/View/View.php(222): CodeIgniter\View\View->CodeIgniter\View\{closure}()
#3 /Users/zerapie/Documents/GitHub/projetBoutiqueEvaluation/vendor/codeigniter4/framework/system/Common.php(1217): CodeIgniter\View\View->render('common/Header', Array, true)
#4 /Users/zerapie/Documents/GitHub/projetBoutiqueEvaluation/app/Controllers/Verifier.php(15): view('common/Header')
#5 /Users/zerapie/Documents/GitHub/projetBoutiqueEvaluation/vendor/codeigniter4/framework/system/CodeIgniter.php(936): App\Controllers\Verifier->index()
#6 /Users/zerapie/Documents/GitHub/projetBoutiqueEvaluation/vendor/codeigniter4/framework/system/CodeIgniter.php(432): CodeIgniter\CodeIgniter->runController(Object(App\Controllers\Verifier))
#7 /Users/zerapie/Documents/GitHub/projetBoutiqueEvaluation/vendor/codeigniter4/framework/system/CodeIgniter.php(333): CodeIgniter\CodeIgniter->handleRequest(NULL, Object(Config\Cache), false)
#8 /Users/zerapie/Documents/GitHub/projetBoutiqueEvaluation/public/index.php(44): CodeIgniter\CodeIgniter->run()
#9 {main}
CRITICAL - 2021-04-15 14:17:33 --> Undefined variable $session
#0 /Users/zerapie/Documents/GitHub/projetBoutiqueEvaluation/app/Views/common/Header.php(113): CodeIgniter\Debug\Exceptions->errorHandler(2, 'Undefined varia...', '/Users/zerapie/...', 113)
#1 /Users/zerapie/Documents/GitHub/projetBoutiqueEvaluation/vendor/codeigniter4/framework/system/View/View.php(220): include('/Users/zerapie/...')
#2 /Users/zerapie/Documents/GitHub/projetBoutiqueEvaluation/vendor/codeigniter4/framework/system/View/View.php(222): CodeIgniter\View\View->CodeIgniter\View\{closure}()
#3 /Users/zerapie/Documents/GitHub/projetBoutiqueEvaluation/vendor/codeigniter4/framework/system/Common.php(1217): CodeIgniter\View\View->render('common/Header', Array, true)
#4 /Users/zerapie/Documents/GitHub/projetBoutiqueEvaluation/app/Controllers/Verifier.php(15): view('common/Header')
#5 /Users/zerapie/Documents/GitHub/projetBoutiqueEvaluation/vendor/codeigniter4/framework/system/CodeIgniter.php(936): App\Controllers\Verifier->index()
#6 /Users/zerapie/Documents/GitHub/projetBoutiqueEvaluation/vendor/codeigniter4/framework/system/CodeIgniter.php(432): CodeIgniter\CodeIgniter->runController(Object(App\Controllers\Verifier))
#7 /Users/zerapie/Documents/GitHub/projetBoutiqueEvaluation/vendor/codeigniter4/framework/system/CodeIgniter.php(333): CodeIgniter\CodeIgniter->handleRequest(NULL, Object(Config\Cache), false)
#8 /Users/zerapie/Documents/GitHub/projetBoutiqueEvaluation/public/index.php(44): CodeIgniter\CodeIgniter->run()
#9 {main}
CRITICAL - 2021-04-15 14:18:38 --> Undefined variable $session
#0 /Users/zerapie/Documents/GitHub/projetBoutiqueEvaluation/app/Views/common/Header.php(113): CodeIgniter\Debug\Exceptions->errorHandler(2, 'Undefined varia...', '/Users/zerapie/...', 113)
#1 /Users/zerapie/Documents/GitHub/projetBoutiqueEvaluation/vendor/codeigniter4/framework/system/View/View.php(220): include('/Users/zerapie/...')
#2 /Users/zerapie/Documents/GitHub/projetBoutiqueEvaluation/vendor/codeigniter4/framework/system/View/View.php(222): CodeIgniter\View\View->CodeIgniter\View\{closure}()
#3 /Users/zerapie/Documents/GitHub/projetBoutiqueEvaluation/vendor/codeigniter4/framework/system/Common.php(1217): CodeIgniter\View\View->render('common/Header', Array, true)
#4 /Users/zerapie/Documents/GitHub/projetBoutiqueEvaluation/app/Controllers/Verifier.php(15): view('common/Header')
#5 /Users/zerapie/Documents/GitHub/projetBoutiqueEvaluation/vendor/codeigniter4/framework/system/CodeIgniter.php(936): App\Controllers\Verifier->index()
#6 /Users/zerapie/Documents/GitHub/projetBoutiqueEvaluation/vendor/codeigniter4/framework/system/CodeIgniter.php(432): CodeIgniter\CodeIgniter->runController(Object(App\Controllers\Verifier))
#7 /Users/zerapie/Documents/GitHub/projetBoutiqueEvaluation/vendor/codeigniter4/framework/system/CodeIgniter.php(333): CodeIgniter\CodeIgniter->handleRequest(NULL, Object(Config\Cache), false)
#8 /Users/zerapie/Documents/GitHub/projetBoutiqueEvaluation/public/index.php(44): CodeIgniter\CodeIgniter->run()
#9 {main}
CRITICAL - 2021-04-15 14:24:46 --> Undefined variable $session
#0 /Users/zerapie/Documents/GitHub/projetBoutiqueEvaluation/app/Views/common/Header.php(113): CodeIgniter\Debug\Exceptions->errorHandler(2, 'Undefined varia...', '/Users/zerapie/...', 113)
#1 /Users/zerapie/Documents/GitHub/projetBoutiqueEvaluation/vendor/codeigniter4/framework/system/View/View.php(220): include('/Users/zerapie/...')
#2 /Users/zerapie/Documents/GitHub/projetBoutiqueEvaluation/vendor/codeigniter4/framework/system/View/View.php(222): CodeIgniter\View\View->CodeIgniter\View\{closure}()
#3 /Users/zerapie/Documents/GitHub/projetBoutiqueEvaluation/vendor/codeigniter4/framework/system/Common.php(1217): CodeIgniter\View\View->render('common/Header', Array, true)
#4 /Users/zerapie/Documents/GitHub/projetBoutiqueEvaluation/app/Controllers/Verifier.php(15): view('common/Header')
#5 /Users/zerapie/Documents/GitHub/projetBoutiqueEvaluation/vendor/codeigniter4/framework/system/CodeIgniter.php(936): App\Controllers\Verifier->index()
#6 /Users/zerapie/Documents/GitHub/projetBoutiqueEvaluation/vendor/codeigniter4/framework/system/CodeIgniter.php(432): CodeIgniter\CodeIgniter->runController(Object(App\Controllers\Verifier))
#7 /Users/zerapie/Documents/GitHub/projetBoutiqueEvaluation/vendor/codeigniter4/framework/system/CodeIgniter.php(333): CodeIgniter\CodeIgniter->handleRequest(NULL, Object(Config\Cache), false)
#8 /Users/zerapie/Documents/GitHub/projetBoutiqueEvaluation/public/index.php(44): CodeIgniter\CodeIgniter->run()
#9 {main}
CRITICAL - 2021-04-15 14:24:49 --> Undefined variable $session
#0 /Users/zerapie/Documents/GitHub/projetBoutiqueEvaluation/app/Views/common/Header.php(113): CodeIgniter\Debug\Exceptions->errorHandler(2, 'Undefined varia...', '/Users/zerapie/...', 113)
#1 /Users/zerapie/Documents/GitHub/projetBoutiqueEvaluation/vendor/codeigniter4/framework/system/View/View.php(220): include('/Users/zerapie/...')
#2 /Users/zerapie/Documents/GitHub/projetBoutiqueEvaluation/vendor/codeigniter4/framework/system/View/View.php(222): CodeIgniter\View\View->CodeIgniter\View\{closure}()
#3 /Users/zerapie/Documents/GitHub/projetBoutiqueEvaluation/vendor/codeigniter4/framework/system/Common.php(1217): CodeIgniter\View\View->render('common/Header', Array, true)
#4 /Users/zerapie/Documents/GitHub/projetBoutiqueEvaluation/app/Controllers/Verifier.php(15): view('common/Header')
#5 /Users/zerapie/Documents/GitHub/projetBoutiqueEvaluation/vendor/codeigniter4/framework/system/CodeIgniter.php(936): App\Controllers\Verifier->index()
#6 /Users/zerapie/Documents/GitHub/projetBoutiqueEvaluation/vendor/codeigniter4/framework/system/CodeIgniter.php(432): CodeIgniter\CodeIgniter->runController(Object(App\Controllers\Verifier))
#7 /Users/zerapie/Documents/GitHub/projetBoutiqueEvaluation/vendor/codeigniter4/framework/system/CodeIgniter.php(333): CodeIgniter\CodeIgniter->handleRequest(NULL, Object(Config\Cache), false)
#8 /Users/zerapie/Documents/GitHub/projetBoutiqueEvaluation/public/index.php(44): CodeIgniter\CodeIgniter->run()
#9 {main}
CRITICAL - 2021-04-15 14:25:08 --> Undefined variable $session
#0 /Users/zerapie/Documents/GitHub/projetBoutiqueEvaluation/app/Views/common/Header.php(113): CodeIgniter\Debug\Exceptions->errorHandler(2, 'Undefined varia...', '/Users/zerapie/...', 113)
#1 /Users/zerapie/Documents/GitHub/projetBoutiqueEvaluation/vendor/codeigniter4/framework/system/View/View.php(220): include('/Users/zerapie/...')
#2 /Users/zerapie/Documents/GitHub/projetBoutiqueEvaluation/vendor/codeigniter4/framework/system/View/View.php(222): CodeIgniter\View\View->CodeIgniter\View\{closure}()
#3 /Users/zerapie/Documents/GitHub/projetBoutiqueEvaluation/vendor/codeigniter4/framework/system/Common.php(1217): CodeIgniter\View\View->render('common/Header', Array, true)
#4 /Users/zerapie/Documents/GitHub/projetBoutiqueEvaluation/app/Controllers/Verifier.php(15): view('common/Header')
#5 /Users/zerapie/Documents/GitHub/projetBoutiqueEvaluation/vendor/codeigniter4/framework/system/CodeIgniter.php(936): App\Controllers\Verifier->index()
#6 /Users/zerapie/Documents/GitHub/projetBoutiqueEvaluation/vendor/codeigniter4/framework/system/CodeIgniter.php(432): CodeIgniter\CodeIgniter->runController(Object(App\Controllers\Verifier))
#7 /Users/zerapie/Documents/GitHub/projetBoutiqueEvaluation/vendor/codeigniter4/framework/system/CodeIgniter.php(333): CodeIgniter\CodeIgniter->handleRequest(NULL, Object(Config\Cache), false)
#8 /Users/zerapie/Documents/GitHub/projetBoutiqueEvaluation/public/index.php(44): CodeIgniter\CodeIgniter->run()
#9 {main}
CRITICAL - 2021-04-15 14:25:54 --> Undefined variable $session
#0 /Users/zerapie/Documents/GitHub/projetBoutiqueEvaluation/app/Views/common/Header.php(113): CodeIgniter\Debug\Exceptions->errorHandler(2, 'Undefined varia...', '/Users/zerapie/...', 113)
#1 /Users/zerapie/Documents/GitHub/projetBoutiqueEvaluation/vendor/codeigniter4/framework/system/View/View.php(220): include('/Users/zerapie/...')
#2 /Users/zerapie/Documents/GitHub/projetBoutiqueEvaluation/vendor/codeigniter4/framework/system/View/View.php(222): CodeIgniter\View\View->CodeIgniter\View\{closure}()
#3 /Users/zerapie/Documents/GitHub/projetBoutiqueEvaluation/vendor/codeigniter4/framework/system/Common.php(1217): CodeIgniter\View\View->render('common/Header', Array, true)
#4 /Users/zerapie/Documents/GitHub/projetBoutiqueEvaluation/app/Controllers/Home.php(15): view('common/Header')
#5 /Users/zerapie/Documents/GitHub/projetBoutiqueEvaluation/vendor/codeigniter4/framework/system/CodeIgniter.php(936): App\Controllers\Home->index()
#6 /Users/zerapie/Documents/GitHub/projetBoutiqueEvaluation/vendor/codeigniter4/framework/system/CodeIgniter.php(432): CodeIgniter\CodeIgniter->runController(Object(App\Controllers\Home))
#7 /Users/zerapie/Documents/GitHub/projetBoutiqueEvaluation/vendor/codeigniter4/framework/system/CodeIgniter.php(333): CodeIgniter\CodeIgniter->handleRequest(NULL, Object(Config\Cache), false)
#8 /Users/zerapie/Documents/GitHub/projetBoutiqueEvaluation/public/index.php(44): CodeIgniter\CodeIgniter->run()
#9 {main}
