ERROR - 2021-04-12 08:52:44 --> mysqli_sql_exception: Duplicate entry '0' for key 'PRIMARY' in /Users/zerapie/Documents/GitHub/projetBoutiqueEvaluation/vendor/codeigniter4/framework/system/Database/MySQLi/Connection.php:314
Stack trace:
#0 /Users/zerapie/Documents/GitHub/projetBoutiqueEvaluation/vendor/codeigniter4/framework/system/Database/MySQLi/Connection.php(314): mysqli->query('INSERT INTO `ca...')
#1 /Users/zerapie/Documents/GitHub/projetBoutiqueEvaluation/vendor/codeigniter4/framework/system/Database/BaseConnection.php(713): CodeIgniter\Database\MySQLi\Connection->execute('INSERT INTO `ca...')
#2 /Users/zerapie/Documents/GitHub/projetBoutiqueEvaluation/vendor/codeigniter4/framework/system/Database/BaseConnection.php(641): CodeIgniter\Database\BaseConnection->simpleQuery('INSERT INTO `ca...')
#3 /Users/zerapie/Documents/GitHub/projetBoutiqueEvaluation/vendor/codeigniter4/framework/system/Database/BaseBuilder.php(2263): CodeIgniter\Database\BaseConnection->query('INSERT INTO `ca...', Array, false)
#4 /Users/zerapie/Documents/GitHub/projetBoutiqueEvaluation/vendor/codeigniter4/framework/system/Model.php(278): CodeIgniter\Database\BaseBuilder->insert()
#5 /Users/zerapie/Documents/GitHub/projetBoutiqueEvaluation/vendor/codeigniter4/framework/system/BaseModel.php(758): CodeIgniter\Model->doInsert(Array)
#6 /Users/zerapie/Documents/GitHub/projetBoutiqueEvaluation/vendor/codeigniter4/framework/system/Model.php(705): CodeIgniter\BaseModel->insert(Array, false)
#7 /Users/zerapie/Documents/GitHub/projetBoutiqueEvaluation/vendor/codeigniter4/framework/system/BaseModel.php(667): CodeIgniter\Model->insert(Array, false)
#8 /Users/zerapie/Documents/GitHub/projetBoutiqueEvaluation/app/Controllers/Admin/ListCategorie.php(54): CodeIgniter\BaseModel->save(Array)
#9 /Users/zerapie/Documents/GitHub/projetBoutiqueEvaluation/vendor/codeigniter4/framework/system/CodeIgniter.php(936): App\Controllers\Admin\ListCategorie->save()
#10 /Users/zerapie/Documents/GitHub/projetBoutiqueEvaluation/vendor/codeigniter4/framework/system/CodeIgniter.php(432): CodeIgniter\CodeIgniter->runController(Object(App\Controllers\Admin\ListCategorie))
#11 /Users/zerapie/Documents/GitHub/projetBoutiqueEvaluation/vendor/codeigniter4/framework/system/CodeIgniter.php(333): CodeIgniter\CodeIgniter->handleRequest(NULL, Object(Config\Cache), false)
#12 /Users/zerapie/Documents/GitHub/projetBoutiqueEvaluation/public/index.php(44): CodeIgniter\CodeIgniter->run()
#13 {main}
CRITICAL - 2021-04-12 08:52:44 --> Duplicate entry '0' for key 'PRIMARY'
#0 /Users/zerapie/Documents/GitHub/projetBoutiqueEvaluation/vendor/codeigniter4/framework/system/Database/MySQLi/Connection.php(314): mysqli->query('INSERT INTO `ca...')
#1 /Users/zerapie/Documents/GitHub/projetBoutiqueEvaluation/vendor/codeigniter4/framework/system/Database/BaseConnection.php(713): CodeIgniter\Database\MySQLi\Connection->execute('INSERT INTO `ca...')
#2 /Users/zerapie/Documents/GitHub/projetBoutiqueEvaluation/vendor/codeigniter4/framework/system/Database/BaseConnection.php(641): CodeIgniter\Database\BaseConnection->simpleQuery('INSERT INTO `ca...')
#3 /Users/zerapie/Documents/GitHub/projetBoutiqueEvaluation/vendor/codeigniter4/framework/system/Database/BaseBuilder.php(2263): CodeIgniter\Database\BaseConnection->query('INSERT INTO `ca...', Array, false)
#4 /Users/zerapie/Documents/GitHub/projetBoutiqueEvaluation/vendor/codeigniter4/framework/system/Model.php(278): CodeIgniter\Database\BaseBuilder->insert()
#5 /Users/zerapie/Documents/GitHub/projetBoutiqueEvaluation/vendor/codeigniter4/framework/system/BaseModel.php(758): CodeIgniter\Model->doInsert(Array)
#6 /Users/zerapie/Documents/GitHub/projetBoutiqueEvaluation/vendor/codeigniter4/framework/system/Model.php(705): CodeIgniter\BaseModel->insert(Array, false)
#7 /Users/zerapie/Documents/GitHub/projetBoutiqueEvaluation/vendor/codeigniter4/framework/system/BaseModel.php(667): CodeIgniter\Model->insert(Array, false)
#8 /Users/zerapie/Documents/GitHub/projetBoutiqueEvaluation/app/Controllers/Admin/ListCategorie.php(54): CodeIgniter\BaseModel->save(Array)
#9 /Users/zerapie/Documents/GitHub/projetBoutiqueEvaluation/vendor/codeigniter4/framework/system/CodeIgniter.php(936): App\Controllers\Admin\ListCategorie->save()
#10 /Users/zerapie/Documents/GitHub/projetBoutiqueEvaluation/vendor/codeigniter4/framework/system/CodeIgniter.php(432): CodeIgniter\CodeIgniter->runController(Object(App\Controllers\Admin\ListCategorie))
#11 /Users/zerapie/Documents/GitHub/projetBoutiqueEvaluation/vendor/codeigniter4/framework/system/CodeIgniter.php(333): CodeIgniter\CodeIgniter->handleRequest(NULL, Object(Config\Cache), false)
#12 /Users/zerapie/Documents/GitHub/projetBoutiqueEvaluation/public/index.php(44): CodeIgniter\CodeIgniter->run()
#13 {main}
ERROR - 2021-04-12 08:54:57 --> mysqli_sql_exception: Duplicate entry '0' for key 'PRIMARY' in /Users/zerapie/Documents/GitHub/projetBoutiqueEvaluation/vendor/codeigniter4/framework/system/Database/MySQLi/Connection.php:314
Stack trace:
#0 /Users/zerapie/Documents/GitHub/projetBoutiqueEvaluation/vendor/codeigniter4/framework/system/Database/MySQLi/Connection.php(314): mysqli->query('INSERT INTO `ca...')
#1 /Users/zerapie/Documents/GitHub/projetBoutiqueEvaluation/vendor/codeigniter4/framework/system/Database/BaseConnection.php(713): CodeIgniter\Database\MySQLi\Connection->execute('INSERT INTO `ca...')
#2 /Users/zerapie/Documents/GitHub/projetBoutiqueEvaluation/vendor/codeigniter4/framework/system/Database/BaseConnection.php(641): CodeIgniter\Database\BaseConnection->simpleQuery('INSERT INTO `ca...')
#3 /Users/zerapie/Documents/GitHub/projetBoutiqueEvaluation/vendor/codeigniter4/framework/system/Database/BaseBuilder.php(2263): CodeIgniter\Database\BaseConnection->query('INSERT INTO `ca...', Array, false)
#4 /Users/zerapie/Documents/GitHub/projetBoutiqueEvaluation/vendor/codeigniter4/framework/system/Model.php(278): CodeIgniter\Database\BaseBuilder->insert()
#5 /Users/zerapie/Documents/GitHub/projetBoutiqueEvaluation/vendor/codeigniter4/framework/system/BaseModel.php(758): CodeIgniter\Model->doInsert(Array)
#6 /Users/zerapie/Documents/GitHub/projetBoutiqueEvaluation/vendor/codeigniter4/framework/system/Model.php(705): CodeIgniter\BaseModel->insert(Array, false)
#7 /Users/zerapie/Documents/GitHub/projetBoutiqueEvaluation/vendor/codeigniter4/framework/system/BaseModel.php(667): CodeIgniter\Model->insert(Array, false)
#8 /Users/zerapie/Documents/GitHub/projetBoutiqueEvaluation/app/Controllers/Admin/ListCategorie.php(54): CodeIgniter\BaseModel->save(Array)
#9 /Users/zerapie/Documents/GitHub/projetBoutiqueEvaluation/vendor/codeigniter4/framework/system/CodeIgniter.php(936): App\Controllers\Admin\ListCategorie->save()
#10 /Users/zerapie/Documents/GitHub/projetBoutiqueEvaluation/vendor/codeigniter4/framework/system/CodeIgniter.php(432): CodeIgniter\CodeIgniter->runController(Object(App\Controllers\Admin\ListCategorie))
#11 /Users/zerapie/Documents/GitHub/projetBoutiqueEvaluation/vendor/codeigniter4/framework/system/CodeIgniter.php(333): CodeIgniter\CodeIgniter->handleRequest(NULL, Object(Config\Cache), false)
#12 /Users/zerapie/Documents/GitHub/projetBoutiqueEvaluation/public/index.php(44): CodeIgniter\CodeIgniter->run()
#13 {main}
CRITICAL - 2021-04-12 08:54:57 --> Duplicate entry '0' for key 'PRIMARY'
#0 /Users/zerapie/Documents/GitHub/projetBoutiqueEvaluation/vendor/codeigniter4/framework/system/Database/MySQLi/Connection.php(314): mysqli->query('INSERT INTO `ca...')
#1 /Users/zerapie/Documents/GitHub/projetBoutiqueEvaluation/vendor/codeigniter4/framework/system/Database/BaseConnection.php(713): CodeIgniter\Database\MySQLi\Connection->execute('INSERT INTO `ca...')
#2 /Users/zerapie/Documents/GitHub/projetBoutiqueEvaluation/vendor/codeigniter4/framework/system/Database/BaseConnection.php(641): CodeIgniter\Database\BaseConnection->simpleQuery('INSERT INTO `ca...')
#3 /Users/zerapie/Documents/GitHub/projetBoutiqueEvaluation/vendor/codeigniter4/framework/system/Database/BaseBuilder.php(2263): CodeIgniter\Database\BaseConnection->query('INSERT INTO `ca...', Array, false)
#4 /Users/zerapie/Documents/GitHub/projetBoutiqueEvaluation/vendor/codeigniter4/framework/system/Model.php(278): CodeIgniter\Database\BaseBuilder->insert()
#5 /Users/zerapie/Documents/GitHub/projetBoutiqueEvaluation/vendor/codeigniter4/framework/system/BaseModel.php(758): CodeIgniter\Model->doInsert(Array)
#6 /Users/zerapie/Documents/GitHub/projetBoutiqueEvaluation/vendor/codeigniter4/framework/system/Model.php(705): CodeIgniter\BaseModel->insert(Array, false)
#7 /Users/zerapie/Documents/GitHub/projetBoutiqueEvaluation/vendor/codeigniter4/framework/system/BaseModel.php(667): CodeIgniter\Model->insert(Array, false)
#8 /Users/zerapie/Documents/GitHub/projetBoutiqueEvaluation/app/Controllers/Admin/ListCategorie.php(54): CodeIgniter\BaseModel->save(Array)
#9 /Users/zerapie/Documents/GitHub/projetBoutiqueEvaluation/vendor/codeigniter4/framework/system/CodeIgniter.php(936): App\Controllers\Admin\ListCategorie->save()
#10 /Users/zerapie/Documents/GitHub/projetBoutiqueEvaluation/vendor/codeigniter4/framework/system/CodeIgniter.php(432): CodeIgniter\CodeIgniter->runController(Object(App\Controllers\Admin\ListCategorie))
#11 /Users/zerapie/Documents/GitHub/projetBoutiqueEvaluation/vendor/codeigniter4/framework/system/CodeIgniter.php(333): CodeIgniter\CodeIgniter->handleRequest(NULL, Object(Config\Cache), false)
#12 /Users/zerapie/Documents/GitHub/projetBoutiqueEvaluation/public/index.php(44): CodeIgniter\CodeIgniter->run()
#13 {main}
CRITICAL - 2021-04-12 09:57:51 --> Invalid file: ListSousCategorie.php
#0 /Users/zerapie/Documents/GitHub/projetBoutiqueEvaluation/vendor/codeigniter4/framework/system/View/View.php(203): CodeIgniter\Exceptions\FrameworkException::forInvalidFile('ListSousCategor...')
#1 /Users/zerapie/Documents/GitHub/projetBoutiqueEvaluation/vendor/codeigniter4/framework/system/Common.php(1217): CodeIgniter\View\View->render('ListSousCategor...', Array, true)
#2 /Users/zerapie/Documents/GitHub/projetBoutiqueEvaluation/app/Controllers/Admin/ListSousCategorie.php(59): view('ListSousCategor...', Array)
#3 /Users/zerapie/Documents/GitHub/projetBoutiqueEvaluation/vendor/codeigniter4/framework/system/CodeIgniter.php(936): App\Controllers\Admin\ListSousCategorie->save()
#4 /Users/zerapie/Documents/GitHub/projetBoutiqueEvaluation/vendor/codeigniter4/framework/system/CodeIgniter.php(432): CodeIgniter\CodeIgniter->runController(Object(App\Controllers\Admin\ListSousCategorie))
#5 /Users/zerapie/Documents/GitHub/projetBoutiqueEvaluation/vendor/codeigniter4/framework/system/CodeIgniter.php(333): CodeIgniter\CodeIgniter->handleRequest(NULL, Object(Config\Cache), false)
#6 /Users/zerapie/Documents/GitHub/projetBoutiqueEvaluation/public/index.php(44): CodeIgniter\CodeIgniter->run()
#7 {main}
CRITICAL - 2021-04-12 09:58:02 --> Invalid file: ListSousCategorie.php
#0 /Users/zerapie/Documents/GitHub/projetBoutiqueEvaluation/vendor/codeigniter4/framework/system/View/View.php(203): CodeIgniter\Exceptions\FrameworkException::forInvalidFile('ListSousCategor...')
#1 /Users/zerapie/Documents/GitHub/projetBoutiqueEvaluation/vendor/codeigniter4/framework/system/Common.php(1217): CodeIgniter\View\View->render('ListSousCategor...', Array, true)
#2 /Users/zerapie/Documents/GitHub/projetBoutiqueEvaluation/app/Controllers/Admin/ListSousCategorie.php(59): view('ListSousCategor...', Array)
#3 /Users/zerapie/Documents/GitHub/projetBoutiqueEvaluation/vendor/codeigniter4/framework/system/CodeIgniter.php(936): App\Controllers\Admin\ListSousCategorie->save()
#4 /Users/zerapie/Documents/GitHub/projetBoutiqueEvaluation/vendor/codeigniter4/framework/system/CodeIgniter.php(432): CodeIgniter\CodeIgniter->runController(Object(App\Controllers\Admin\ListSousCategorie))
#5 /Users/zerapie/Documents/GitHub/projetBoutiqueEvaluation/vendor/codeigniter4/framework/system/CodeIgniter.php(333): CodeIgniter\CodeIgniter->handleRequest(NULL, Object(Config\Cache), false)
#6 /Users/zerapie/Documents/GitHub/projetBoutiqueEvaluation/public/index.php(44): CodeIgniter\CodeIgniter->run()
#7 {main}
CRITICAL - 2021-04-12 10:00:43 --> Invalid file: ListSousCategorie.php
#0 /Users/zerapie/Documents/GitHub/projetBoutiqueEvaluation/vendor/codeigniter4/framework/system/View/View.php(203): CodeIgniter\Exceptions\FrameworkException::forInvalidFile('ListSousCategor...')
#1 /Users/zerapie/Documents/GitHub/projetBoutiqueEvaluation/vendor/codeigniter4/framework/system/Common.php(1217): CodeIgniter\View\View->render('ListSousCategor...', Array, true)
#2 /Users/zerapie/Documents/GitHub/projetBoutiqueEvaluation/app/Controllers/Admin/ListSousCategorie.php(59): view('ListSousCategor...', Array)
#3 /Users/zerapie/Documents/GitHub/projetBoutiqueEvaluation/vendor/codeigniter4/framework/system/CodeIgniter.php(936): App\Controllers\Admin\ListSousCategorie->save()
#4 /Users/zerapie/Documents/GitHub/projetBoutiqueEvaluation/vendor/codeigniter4/framework/system/CodeIgniter.php(432): CodeIgniter\CodeIgniter->runController(Object(App\Controllers\Admin\ListSousCategorie))
#5 /Users/zerapie/Documents/GitHub/projetBoutiqueEvaluation/vendor/codeigniter4/framework/system/CodeIgniter.php(333): CodeIgniter\CodeIgniter->handleRequest(NULL, Object(Config\Cache), false)
#6 /Users/zerapie/Documents/GitHub/projetBoutiqueEvaluation/public/index.php(44): CodeIgniter\CodeIgniter->run()
#7 {main}
CRITICAL - 2021-04-12 10:02:51 --> Invalid file: ListSousCategorie.php
#0 /Users/zerapie/Documents/GitHub/projetBoutiqueEvaluation/vendor/codeigniter4/framework/system/View/View.php(203): CodeIgniter\Exceptions\FrameworkException::forInvalidFile('ListSousCategor...')
#1 /Users/zerapie/Documents/GitHub/projetBoutiqueEvaluation/vendor/codeigniter4/framework/system/Common.php(1217): CodeIgniter\View\View->render('ListSousCategor...', Array, true)
#2 /Users/zerapie/Documents/GitHub/projetBoutiqueEvaluation/app/Controllers/Admin/ListSousCategorie.php(59): view('ListSousCategor...', Array)
#3 /Users/zerapie/Documents/GitHub/projetBoutiqueEvaluation/vendor/codeigniter4/framework/system/CodeIgniter.php(936): App\Controllers\Admin\ListSousCategorie->save()
#4 /Users/zerapie/Documents/GitHub/projetBoutiqueEvaluation/vendor/codeigniter4/framework/system/CodeIgniter.php(432): CodeIgniter\CodeIgniter->runController(Object(App\Controllers\Admin\ListSousCategorie))
#5 /Users/zerapie/Documents/GitHub/projetBoutiqueEvaluation/vendor/codeigniter4/framework/system/CodeIgniter.php(333): CodeIgniter\CodeIgniter->handleRequest(NULL, Object(Config\Cache), false)
#6 /Users/zerapie/Documents/GitHub/projetBoutiqueEvaluation/public/index.php(44): CodeIgniter\CodeIgniter->run()
#7 {main}
CRITICAL - 2021-04-12 10:06:59 --> Invalid file: ListSousCategorie.php
#0 /Users/zerapie/Documents/GitHub/projetBoutiqueEvaluation/vendor/codeigniter4/framework/system/View/View.php(203): CodeIgniter\Exceptions\FrameworkException::forInvalidFile('ListSousCategor...')
#1 /Users/zerapie/Documents/GitHub/projetBoutiqueEvaluation/vendor/codeigniter4/framework/system/Common.php(1217): CodeIgniter\View\View->render('ListSousCategor...', Array, true)
#2 /Users/zerapie/Documents/GitHub/projetBoutiqueEvaluation/app/Controllers/Admin/ListSousCategorie.php(59): view('ListSousCategor...', Array)
#3 /Users/zerapie/Documents/GitHub/projetBoutiqueEvaluation/vendor/codeigniter4/framework/system/CodeIgniter.php(936): App\Controllers\Admin\ListSousCategorie->save()
#4 /Users/zerapie/Documents/GitHub/projetBoutiqueEvaluation/vendor/codeigniter4/framework/system/CodeIgniter.php(432): CodeIgniter\CodeIgniter->runController(Object(App\Controllers\Admin\ListSousCategorie))
#5 /Users/zerapie/Documents/GitHub/projetBoutiqueEvaluation/vendor/codeigniter4/framework/system/CodeIgniter.php(333): CodeIgniter\CodeIgniter->handleRequest(NULL, Object(Config\Cache), false)
#6 /Users/zerapie/Documents/GitHub/projetBoutiqueEvaluation/public/index.php(44): CodeIgniter\CodeIgniter->run()
#7 {main}
CRITICAL - 2021-04-12 10:11:12 --> Invalid file: ListSousCategorie.php
#0 /Users/zerapie/Documents/GitHub/projetBoutiqueEvaluation/vendor/codeigniter4/framework/system/View/View.php(203): CodeIgniter\Exceptions\FrameworkException::forInvalidFile('ListSousCategor...')
#1 /Users/zerapie/Documents/GitHub/projetBoutiqueEvaluation/vendor/codeigniter4/framework/system/Common.php(1217): CodeIgniter\View\View->render('ListSousCategor...', Array, true)
#2 /Users/zerapie/Documents/GitHub/projetBoutiqueEvaluation/app/Controllers/Admin/ListSousCategorie.php(59): view('ListSousCategor...', Array)
#3 /Users/zerapie/Documents/GitHub/projetBoutiqueEvaluation/vendor/codeigniter4/framework/system/CodeIgniter.php(936): App\Controllers\Admin\ListSousCategorie->save()
#4 /Users/zerapie/Documents/GitHub/projetBoutiqueEvaluation/vendor/codeigniter4/framework/system/CodeIgniter.php(432): CodeIgniter\CodeIgniter->runController(Object(App\Controllers\Admin\ListSousCategorie))
#5 /Users/zerapie/Documents/GitHub/projetBoutiqueEvaluation/vendor/codeigniter4/framework/system/CodeIgniter.php(333): CodeIgniter\CodeIgniter->handleRequest(NULL, Object(Config\Cache), false)
#6 /Users/zerapie/Documents/GitHub/projetBoutiqueEvaluation/public/index.php(44): CodeIgniter\CodeIgniter->run()
#7 {main}
CRITICAL - 2021-04-12 10:12:22 --> Invalid file: ListSousCategorie.php
#0 /Users/zerapie/Documents/GitHub/projetBoutiqueEvaluation/vendor/codeigniter4/framework/system/View/View.php(203): CodeIgniter\Exceptions\FrameworkException::forInvalidFile('ListSousCategor...')
#1 /Users/zerapie/Documents/GitHub/projetBoutiqueEvaluation/vendor/codeigniter4/framework/system/Common.php(1217): CodeIgniter\View\View->render('ListSousCategor...', Array, true)
#2 /Users/zerapie/Documents/GitHub/projetBoutiqueEvaluation/app/Controllers/Admin/ListSousCategorie.php(59): view('ListSousCategor...', Array)
#3 /Users/zerapie/Documents/GitHub/projetBoutiqueEvaluation/vendor/codeigniter4/framework/system/CodeIgniter.php(936): App\Controllers\Admin\ListSousCategorie->save()
#4 /Users/zerapie/Documents/GitHub/projetBoutiqueEvaluation/vendor/codeigniter4/framework/system/CodeIgniter.php(432): CodeIgniter\CodeIgniter->runController(Object(App\Controllers\Admin\ListSousCategorie))
#5 /Users/zerapie/Documents/GitHub/projetBoutiqueEvaluation/vendor/codeigniter4/framework/system/CodeIgniter.php(333): CodeIgniter\CodeIgniter->handleRequest(NULL, Object(Config\Cache), false)
#6 /Users/zerapie/Documents/GitHub/projetBoutiqueEvaluation/public/index.php(44): CodeIgniter\CodeIgniter->run()
#7 {main}
CRITICAL - 2021-04-12 10:12:33 --> Invalid file: ListSousCategorie.php
#0 /Users/zerapie/Documents/GitHub/projetBoutiqueEvaluation/vendor/codeigniter4/framework/system/View/View.php(203): CodeIgniter\Exceptions\FrameworkException::forInvalidFile('ListSousCategor...')
#1 /Users/zerapie/Documents/GitHub/projetBoutiqueEvaluation/vendor/codeigniter4/framework/system/Common.php(1217): CodeIgniter\View\View->render('ListSousCategor...', Array, true)
#2 /Users/zerapie/Documents/GitHub/projetBoutiqueEvaluation/app/Controllers/Admin/ListSousCategorie.php(59): view('ListSousCategor...', Array)
#3 /Users/zerapie/Documents/GitHub/projetBoutiqueEvaluation/vendor/codeigniter4/framework/system/CodeIgniter.php(936): App\Controllers\Admin\ListSousCategorie->save()
#4 /Users/zerapie/Documents/GitHub/projetBoutiqueEvaluation/vendor/codeigniter4/framework/system/CodeIgniter.php(432): CodeIgniter\CodeIgniter->runController(Object(App\Controllers\Admin\ListSousCategorie))
#5 /Users/zerapie/Documents/GitHub/projetBoutiqueEvaluation/vendor/codeigniter4/framework/system/CodeIgniter.php(333): CodeIgniter\CodeIgniter->handleRequest(NULL, Object(Config\Cache), false)
#6 /Users/zerapie/Documents/GitHub/projetBoutiqueEvaluation/public/index.php(44): CodeIgniter\CodeIgniter->run()
#7 {main}
CRITICAL - 2021-04-12 10:17:24 --> Invalid file: ListSousCategorie.php
#0 /Users/zerapie/Documents/GitHub/projetBoutiqueEvaluation/vendor/codeigniter4/framework/system/View/View.php(203): CodeIgniter\Exceptions\FrameworkException::forInvalidFile('ListSousCategor...')
#1 /Users/zerapie/Documents/GitHub/projetBoutiqueEvaluation/vendor/codeigniter4/framework/system/Common.php(1217): CodeIgniter\View\View->render('ListSousCategor...', Array, true)
#2 /Users/zerapie/Documents/GitHub/projetBoutiqueEvaluation/app/Controllers/Admin/ListSousCategorie.php(59): view('ListSousCategor...', Array)
#3 /Users/zerapie/Documents/GitHub/projetBoutiqueEvaluation/vendor/codeigniter4/framework/system/CodeIgniter.php(936): App\Controllers\Admin\ListSousCategorie->save()
#4 /Users/zerapie/Documents/GitHub/projetBoutiqueEvaluation/vendor/codeigniter4/framework/system/CodeIgniter.php(432): CodeIgniter\CodeIgniter->runController(Object(App\Controllers\Admin\ListSousCategorie))
#5 /Users/zerapie/Documents/GitHub/projetBoutiqueEvaluation/vendor/codeigniter4/framework/system/CodeIgniter.php(333): CodeIgniter\CodeIgniter->handleRequest(NULL, Object(Config\Cache), false)
#6 /Users/zerapie/Documents/GitHub/projetBoutiqueEvaluation/public/index.php(44): CodeIgniter\CodeIgniter->run()
#7 {main}
CRITICAL - 2021-04-12 10:22:11 --> Invalid file: ListSousCategorie.php
#0 /Users/zerapie/Documents/GitHub/projetBoutiqueEvaluation/vendor/codeigniter4/framework/system/View/View.php(203): CodeIgniter\Exceptions\FrameworkException::forInvalidFile('ListSousCategor...')
#1 /Users/zerapie/Documents/GitHub/projetBoutiqueEvaluation/vendor/codeigniter4/framework/system/Common.php(1217): CodeIgniter\View\View->render('ListSousCategor...', Array, true)
#2 /Users/zerapie/Documents/GitHub/projetBoutiqueEvaluation/app/Controllers/Admin/ListSousCategorie.php(59): view('ListSousCategor...', Array)
#3 /Users/zerapie/Documents/GitHub/projetBoutiqueEvaluation/vendor/codeigniter4/framework/system/CodeIgniter.php(936): App\Controllers\Admin\ListSousCategorie->save()
#4 /Users/zerapie/Documents/GitHub/projetBoutiqueEvaluation/vendor/codeigniter4/framework/system/CodeIgniter.php(432): CodeIgniter\CodeIgniter->runController(Object(App\Controllers\Admin\ListSousCategorie))
#5 /Users/zerapie/Documents/GitHub/projetBoutiqueEvaluation/vendor/codeigniter4/framework/system/CodeIgniter.php(333): CodeIgniter\CodeIgniter->handleRequest(NULL, Object(Config\Cache), false)
#6 /Users/zerapie/Documents/GitHub/projetBoutiqueEvaluation/public/index.php(44): CodeIgniter\CodeIgniter->run()
#7 {main}
CRITICAL - 2021-04-12 10:24:03 --> Invalid file: ListSousCategorie.php
#0 /Users/zerapie/Documents/GitHub/projetBoutiqueEvaluation/vendor/codeigniter4/framework/system/View/View.php(203): CodeIgniter\Exceptions\FrameworkException::forInvalidFile('ListSousCategor...')
#1 /Users/zerapie/Documents/GitHub/projetBoutiqueEvaluation/vendor/codeigniter4/framework/system/Common.php(1217): CodeIgniter\View\View->render('ListSousCategor...', Array, true)
#2 /Users/zerapie/Documents/GitHub/projetBoutiqueEvaluation/app/Controllers/Admin/ListSousCategorie.php(59): view('ListSousCategor...', Array)
#3 /Users/zerapie/Documents/GitHub/projetBoutiqueEvaluation/vendor/codeigniter4/framework/system/CodeIgniter.php(936): App\Controllers\Admin\ListSousCategorie->save()
#4 /Users/zerapie/Documents/GitHub/projetBoutiqueEvaluation/vendor/codeigniter4/framework/system/CodeIgniter.php(432): CodeIgniter\CodeIgniter->runController(Object(App\Controllers\Admin\ListSousCategorie))
#5 /Users/zerapie/Documents/GitHub/projetBoutiqueEvaluation/vendor/codeigniter4/framework/system/CodeIgniter.php(333): CodeIgniter\CodeIgniter->handleRequest(NULL, Object(Config\Cache), false)
#6 /Users/zerapie/Documents/GitHub/projetBoutiqueEvaluation/public/index.php(44): CodeIgniter\CodeIgniter->run()
#7 {main}
CRITICAL - 2021-04-12 10:25:09 --> Invalid file: ListSousCategorie.php
#0 /Users/zerapie/Documents/GitHub/projetBoutiqueEvaluation/vendor/codeigniter4/framework/system/View/View.php(203): CodeIgniter\Exceptions\FrameworkException::forInvalidFile('ListSousCategor...')
#1 /Users/zerapie/Documents/GitHub/projetBoutiqueEvaluation/vendor/codeigniter4/framework/system/Common.php(1217): CodeIgniter\View\View->render('ListSousCategor...', Array, true)
#2 /Users/zerapie/Documents/GitHub/projetBoutiqueEvaluation/app/Controllers/Admin/ListSousCategorie.php(59): view('ListSousCategor...', Array)
#3 /Users/zerapie/Documents/GitHub/projetBoutiqueEvaluation/vendor/codeigniter4/framework/system/CodeIgniter.php(936): App\Controllers\Admin\ListSousCategorie->save()
#4 /Users/zerapie/Documents/GitHub/projetBoutiqueEvaluation/vendor/codeigniter4/framework/system/CodeIgniter.php(432): CodeIgniter\CodeIgniter->runController(Object(App\Controllers\Admin\ListSousCategorie))
#5 /Users/zerapie/Documents/GitHub/projetBoutiqueEvaluation/vendor/codeigniter4/framework/system/CodeIgniter.php(333): CodeIgniter\CodeIgniter->handleRequest(NULL, Object(Config\Cache), false)
#6 /Users/zerapie/Documents/GitHub/projetBoutiqueEvaluation/public/index.php(44): CodeIgniter\CodeIgniter->run()
#7 {main}
CRITICAL - 2021-04-12 10:25:42 --> Invalid file: ListSousCategorie.php
#0 /Users/zerapie/Documents/GitHub/projetBoutiqueEvaluation/vendor/codeigniter4/framework/system/View/View.php(203): CodeIgniter\Exceptions\FrameworkException::forInvalidFile('ListSousCategor...')
#1 /Users/zerapie/Documents/GitHub/projetBoutiqueEvaluation/vendor/codeigniter4/framework/system/Common.php(1217): CodeIgniter\View\View->render('ListSousCategor...', Array, true)
#2 /Users/zerapie/Documents/GitHub/projetBoutiqueEvaluation/app/Controllers/Admin/ListSousCategorie.php(59): view('ListSousCategor...', Array)
#3 /Users/zerapie/Documents/GitHub/projetBoutiqueEvaluation/vendor/codeigniter4/framework/system/CodeIgniter.php(936): App\Controllers\Admin\ListSousCategorie->save()
#4 /Users/zerapie/Documents/GitHub/projetBoutiqueEvaluation/vendor/codeigniter4/framework/system/CodeIgniter.php(432): CodeIgniter\CodeIgniter->runController(Object(App\Controllers\Admin\ListSousCategorie))
#5 /Users/zerapie/Documents/GitHub/projetBoutiqueEvaluation/vendor/codeigniter4/framework/system/CodeIgniter.php(333): CodeIgniter\CodeIgniter->handleRequest(NULL, Object(Config\Cache), false)
#6 /Users/zerapie/Documents/GitHub/projetBoutiqueEvaluation/public/index.php(44): CodeIgniter\CodeIgniter->run()
#7 {main}
CRITICAL - 2021-04-12 10:32:48 --> Invalid file: ListSousCategorie.php
#0 /Users/zerapie/Documents/GitHub/projetBoutiqueEvaluation/vendor/codeigniter4/framework/system/View/View.php(203): CodeIgniter\Exceptions\FrameworkException::forInvalidFile('ListSousCategor...')
#1 /Users/zerapie/Documents/GitHub/projetBoutiqueEvaluation/vendor/codeigniter4/framework/system/Common.php(1217): CodeIgniter\View\View->render('ListSousCategor...', Array, true)
#2 /Users/zerapie/Documents/GitHub/projetBoutiqueEvaluation/app/Controllers/Admin/ListSousCategorie.php(59): view('ListSousCategor...', Array)
#3 /Users/zerapie/Documents/GitHub/projetBoutiqueEvaluation/vendor/codeigniter4/framework/system/CodeIgniter.php(936): App\Controllers\Admin\ListSousCategorie->save()
#4 /Users/zerapie/Documents/GitHub/projetBoutiqueEvaluation/vendor/codeigniter4/framework/system/CodeIgniter.php(432): CodeIgniter\CodeIgniter->runController(Object(App\Controllers\Admin\ListSousCategorie))
#5 /Users/zerapie/Documents/GitHub/projetBoutiqueEvaluation/vendor/codeigniter4/framework/system/CodeIgniter.php(333): CodeIgniter\CodeIgniter->handleRequest(NULL, Object(Config\Cache), false)
#6 /Users/zerapie/Documents/GitHub/projetBoutiqueEvaluation/public/index.php(44): CodeIgniter\CodeIgniter->run()
#7 {main}
CRITICAL - 2021-04-12 10:34:48 --> Invalid file: ListSousCategorie.php
#0 /Users/zerapie/Documents/GitHub/projetBoutiqueEvaluation/vendor/codeigniter4/framework/system/View/View.php(203): CodeIgniter\Exceptions\FrameworkException::forInvalidFile('ListSousCategor...')
#1 /Users/zerapie/Documents/GitHub/projetBoutiqueEvaluation/vendor/codeigniter4/framework/system/Common.php(1217): CodeIgniter\View\View->render('ListSousCategor...', Array, true)
#2 /Users/zerapie/Documents/GitHub/projetBoutiqueEvaluation/app/Controllers/Admin/ListSousCategorie.php(59): view('ListSousCategor...', Array)
#3 /Users/zerapie/Documents/GitHub/projetBoutiqueEvaluation/vendor/codeigniter4/framework/system/CodeIgniter.php(936): App\Controllers\Admin\ListSousCategorie->save()
#4 /Users/zerapie/Documents/GitHub/projetBoutiqueEvaluation/vendor/codeigniter4/framework/system/CodeIgniter.php(432): CodeIgniter\CodeIgniter->runController(Object(App\Controllers\Admin\ListSousCategorie))
#5 /Users/zerapie/Documents/GitHub/projetBoutiqueEvaluation/vendor/codeigniter4/framework/system/CodeIgniter.php(333): CodeIgniter\CodeIgniter->handleRequest(NULL, Object(Config\Cache), false)
#6 /Users/zerapie/Documents/GitHub/projetBoutiqueEvaluation/public/index.php(44): CodeIgniter\CodeIgniter->run()
#7 {main}
CRITICAL - 2021-04-12 10:35:21 --> Invalid file: ListSousCategorie.php
#0 /Users/zerapie/Documents/GitHub/projetBoutiqueEvaluation/vendor/codeigniter4/framework/system/View/View.php(203): CodeIgniter\Exceptions\FrameworkException::forInvalidFile('ListSousCategor...')
#1 /Users/zerapie/Documents/GitHub/projetBoutiqueEvaluation/vendor/codeigniter4/framework/system/Common.php(1217): CodeIgniter\View\View->render('ListSousCategor...', Array, true)
#2 /Users/zerapie/Documents/GitHub/projetBoutiqueEvaluation/app/Controllers/Admin/ListSousCategorie.php(59): view('ListSousCategor...', Array)
#3 /Users/zerapie/Documents/GitHub/projetBoutiqueEvaluation/vendor/codeigniter4/framework/system/CodeIgniter.php(936): App\Controllers\Admin\ListSousCategorie->save()
#4 /Users/zerapie/Documents/GitHub/projetBoutiqueEvaluation/vendor/codeigniter4/framework/system/CodeIgniter.php(432): CodeIgniter\CodeIgniter->runController(Object(App\Controllers\Admin\ListSousCategorie))
#5 /Users/zerapie/Documents/GitHub/projetBoutiqueEvaluation/vendor/codeigniter4/framework/system/CodeIgniter.php(333): CodeIgniter\CodeIgniter->handleRequest(NULL, Object(Config\Cache), false)
#6 /Users/zerapie/Documents/GitHub/projetBoutiqueEvaluation/public/index.php(44): CodeIgniter\CodeIgniter->run()
#7 {main}
CRITICAL - 2021-04-12 10:39:42 --> Undefined variable $modelSousCategorie
#0 /Users/zerapie/Documents/GitHub/projetBoutiqueEvaluation/app/Views/admin/ListSousCategorie.php(19): CodeIgniter\Debug\Exceptions->errorHandler(2, 'Undefined varia...', '/Users/zerapie/...', 19)
#1 /Users/zerapie/Documents/GitHub/projetBoutiqueEvaluation/vendor/codeigniter4/framework/system/View/View.php(220): include('/Users/zerapie/...')
#2 /Users/zerapie/Documents/GitHub/projetBoutiqueEvaluation/vendor/codeigniter4/framework/system/View/View.php(222): CodeIgniter\View\View->CodeIgniter\View\{closure}()
#3 /Users/zerapie/Documents/GitHub/projetBoutiqueEvaluation/vendor/codeigniter4/framework/system/Common.php(1217): CodeIgniter\View\View->render('/admin/ListSous...', Array, true)
#4 /Users/zerapie/Documents/GitHub/projetBoutiqueEvaluation/app/Controllers/Admin/ListSousCategorie.php(59): view('/admin/ListSous...', Array)
#5 /Users/zerapie/Documents/GitHub/projetBoutiqueEvaluation/vendor/codeigniter4/framework/system/CodeIgniter.php(936): App\Controllers\Admin\ListSousCategorie->save()
#6 /Users/zerapie/Documents/GitHub/projetBoutiqueEvaluation/vendor/codeigniter4/framework/system/CodeIgniter.php(432): CodeIgniter\CodeIgniter->runController(Object(App\Controllers\Admin\ListSousCategorie))
#7 /Users/zerapie/Documents/GitHub/projetBoutiqueEvaluation/vendor/codeigniter4/framework/system/CodeIgniter.php(333): CodeIgniter\CodeIgniter->handleRequest(NULL, Object(Config\Cache), false)
#8 /Users/zerapie/Documents/GitHub/projetBoutiqueEvaluation/public/index.php(44): CodeIgniter\CodeIgniter->run()
#9 {main}
CRITICAL - 2021-04-12 10:43:01 --> Undefined variable $modelSousCategorie
#0 /Users/zerapie/Documents/GitHub/projetBoutiqueEvaluation/app/Views/admin/ListSousCategorie.php(19): CodeIgniter\Debug\Exceptions->errorHandler(2, 'Undefined varia...', '/Users/zerapie/...', 19)
#1 /Users/zerapie/Documents/GitHub/projetBoutiqueEvaluation/vendor/codeigniter4/framework/system/View/View.php(220): include('/Users/zerapie/...')
#2 /Users/zerapie/Documents/GitHub/projetBoutiqueEvaluation/vendor/codeigniter4/framework/system/View/View.php(222): CodeIgniter\View\View->CodeIgniter\View\{closure}()
#3 /Users/zerapie/Documents/GitHub/projetBoutiqueEvaluation/vendor/codeigniter4/framework/system/Common.php(1217): CodeIgniter\View\View->render('/admin/ListSous...', Array, true)
#4 /Users/zerapie/Documents/GitHub/projetBoutiqueEvaluation/app/Controllers/Admin/ListSousCategorie.php(59): view('/admin/ListSous...', Array)
#5 /Users/zerapie/Documents/GitHub/projetBoutiqueEvaluation/vendor/codeigniter4/framework/system/CodeIgniter.php(936): App\Controllers\Admin\ListSousCategorie->save()
#6 /Users/zerapie/Documents/GitHub/projetBoutiqueEvaluation/vendor/codeigniter4/framework/system/CodeIgniter.php(432): CodeIgniter\CodeIgniter->runController(Object(App\Controllers\Admin\ListSousCategorie))
#7 /Users/zerapie/Documents/GitHub/projetBoutiqueEvaluation/vendor/codeigniter4/framework/system/CodeIgniter.php(333): CodeIgniter\CodeIgniter->handleRequest(NULL, Object(Config\Cache), false)
#8 /Users/zerapie/Documents/GitHub/projetBoutiqueEvaluation/public/index.php(44): CodeIgniter\CodeIgniter->run()
#9 {main}
CRITICAL - 2021-04-12 10:51:12 --> Undefined variable $modelSousCategorie
#0 /Users/zerapie/Documents/GitHub/projetBoutiqueEvaluation/app/Views/admin/ListSousCategorie.php(19): CodeIgniter\Debug\Exceptions->errorHandler(2, 'Undefined varia...', '/Users/zerapie/...', 19)
#1 /Users/zerapie/Documents/GitHub/projetBoutiqueEvaluation/vendor/codeigniter4/framework/system/View/View.php(220): include('/Users/zerapie/...')
#2 /Users/zerapie/Documents/GitHub/projetBoutiqueEvaluation/vendor/codeigniter4/framework/system/View/View.php(222): CodeIgniter\View\View->CodeIgniter\View\{closure}()
#3 /Users/zerapie/Documents/GitHub/projetBoutiqueEvaluation/vendor/codeigniter4/framework/system/Common.php(1217): CodeIgniter\View\View->render('/admin/ListSous...', Array, true)
#4 /Users/zerapie/Documents/GitHub/projetBoutiqueEvaluation/app/Controllers/Admin/ListSousCategorie.php(58): view('/admin/ListSous...', Array)
#5 /Users/zerapie/Documents/GitHub/projetBoutiqueEvaluation/vendor/codeigniter4/framework/system/CodeIgniter.php(936): App\Controllers\Admin\ListSousCategorie->save()
#6 /Users/zerapie/Documents/GitHub/projetBoutiqueEvaluation/vendor/codeigniter4/framework/system/CodeIgniter.php(432): CodeIgniter\CodeIgniter->runController(Object(App\Controllers\Admin\ListSousCategorie))
#7 /Users/zerapie/Documents/GitHub/projetBoutiqueEvaluation/vendor/codeigniter4/framework/system/CodeIgniter.php(333): CodeIgniter\CodeIgniter->handleRequest(NULL, Object(Config\Cache), false)
#8 /Users/zerapie/Documents/GitHub/projetBoutiqueEvaluation/public/index.php(44): CodeIgniter\CodeIgniter->run()
#9 {main}
CRITICAL - 2021-04-12 10:54:51 --> Undefined variable $modelCategorie
#0 /Users/zerapie/Documents/GitHub/projetBoutiqueEvaluation/app/Views/admin/ListCategorie.php(19): CodeIgniter\Debug\Exceptions->errorHandler(2, 'Undefined varia...', '/Users/zerapie/...', 19)
#1 /Users/zerapie/Documents/GitHub/projetBoutiqueEvaluation/vendor/codeigniter4/framework/system/View/View.php(220): include('/Users/zerapie/...')
#2 /Users/zerapie/Documents/GitHub/projetBoutiqueEvaluation/vendor/codeigniter4/framework/system/View/View.php(222): CodeIgniter\View\View->CodeIgniter\View\{closure}()
#3 /Users/zerapie/Documents/GitHub/projetBoutiqueEvaluation/vendor/codeigniter4/framework/system/Common.php(1217): CodeIgniter\View\View->render('/admin/ListCate...', Array, true)
#4 /Users/zerapie/Documents/GitHub/projetBoutiqueEvaluation/app/Controllers/Admin/ListCategorie.php(59): view('/admin/ListCate...', Array)
#5 /Users/zerapie/Documents/GitHub/projetBoutiqueEvaluation/vendor/codeigniter4/framework/system/CodeIgniter.php(936): App\Controllers\Admin\ListCategorie->save()
#6 /Users/zerapie/Documents/GitHub/projetBoutiqueEvaluation/vendor/codeigniter4/framework/system/CodeIgniter.php(432): CodeIgniter\CodeIgniter->runController(Object(App\Controllers\Admin\ListCategorie))
#7 /Users/zerapie/Documents/GitHub/projetBoutiqueEvaluation/vendor/codeigniter4/framework/system/CodeIgniter.php(333): CodeIgniter\CodeIgniter->handleRequest(NULL, Object(Config\Cache), false)
#8 /Users/zerapie/Documents/GitHub/projetBoutiqueEvaluation/public/index.php(44): CodeIgniter\CodeIgniter->run()
#9 {main}
CRITICAL - 2021-04-12 10:58:01 --> Undefined variable $modelSousCategorie
#0 /Users/zerapie/Documents/GitHub/projetBoutiqueEvaluation/app/Views/admin/ListSousCategorie.php(19): CodeIgniter\Debug\Exceptions->errorHandler(2, 'Undefined varia...', '/Users/zerapie/...', 19)
#1 /Users/zerapie/Documents/GitHub/projetBoutiqueEvaluation/vendor/codeigniter4/framework/system/View/View.php(220): include('/Users/zerapie/...')
#2 /Users/zerapie/Documents/GitHub/projetBoutiqueEvaluation/vendor/codeigniter4/framework/system/View/View.php(222): CodeIgniter\View\View->CodeIgniter\View\{closure}()
#3 /Users/zerapie/Documents/GitHub/projetBoutiqueEvaluation/vendor/codeigniter4/framework/system/Common.php(1217): CodeIgniter\View\View->render('/admin/ListSous...', Array, true)
#4 /Users/zerapie/Documents/GitHub/projetBoutiqueEvaluation/app/Controllers/Admin/ListSousCategorie.php(58): view('/admin/ListSous...', Array)
#5 /Users/zerapie/Documents/GitHub/projetBoutiqueEvaluation/vendor/codeigniter4/framework/system/CodeIgniter.php(936): App\Controllers\Admin\ListSousCategorie->save()
#6 /Users/zerapie/Documents/GitHub/projetBoutiqueEvaluation/vendor/codeigniter4/framework/system/CodeIgniter.php(432): CodeIgniter\CodeIgniter->runController(Object(App\Controllers\Admin\ListSousCategorie))
#7 /Users/zerapie/Documents/GitHub/projetBoutiqueEvaluation/vendor/codeigniter4/framework/system/CodeIgniter.php(333): CodeIgniter\CodeIgniter->handleRequest(NULL, Object(Config\Cache), false)
#8 /Users/zerapie/Documents/GitHub/projetBoutiqueEvaluation/public/index.php(44): CodeIgniter\CodeIgniter->run()
#9 {main}
CRITICAL - 2021-04-12 13:09:03 --> Undefined variable $Products
#0 /Users/zerapie/Documents/GitHub/projetBoutiqueEvaluation/app/Views/admin/ListProduct.php(71): CodeIgniter\Debug\Exceptions->errorHandler(2, 'Undefined varia...', '/Users/zerapie/...', 71)
#1 /Users/zerapie/Documents/GitHub/projetBoutiqueEvaluation/vendor/codeigniter4/framework/system/View/View.php(220): include('/Users/zerapie/...')
#2 /Users/zerapie/Documents/GitHub/projetBoutiqueEvaluation/vendor/codeigniter4/framework/system/View/View.php(222): CodeIgniter\View\View->CodeIgniter\View\{closure}()
#3 /Users/zerapie/Documents/GitHub/projetBoutiqueEvaluation/vendor/codeigniter4/framework/system/Common.php(1217): CodeIgniter\View\View->render('admin/ListProdu...', Array, true)
#4 /Users/zerapie/Documents/GitHub/projetBoutiqueEvaluation/app/Controllers/Admin/ListProduct.php(27): view('admin/ListProdu...', Array)
#5 /Users/zerapie/Documents/GitHub/projetBoutiqueEvaluation/vendor/codeigniter4/framework/system/CodeIgniter.php(936): App\Controllers\Admin\ListProduct->index()
#6 /Users/zerapie/Documents/GitHub/projetBoutiqueEvaluation/vendor/codeigniter4/framework/system/CodeIgniter.php(432): CodeIgniter\CodeIgniter->runController(Object(App\Controllers\Admin\ListProduct))
#7 /Users/zerapie/Documents/GitHub/projetBoutiqueEvaluation/vendor/codeigniter4/framework/system/CodeIgniter.php(333): CodeIgniter\CodeIgniter->handleRequest(NULL, Object(Config\Cache), false)
#8 /Users/zerapie/Documents/GitHub/projetBoutiqueEvaluation/public/index.php(44): CodeIgniter\CodeIgniter->run()
#9 {main}
CRITICAL - 2021-04-12 13:13:23 --> Undefined variable $Products
#0 /Users/zerapie/Documents/GitHub/projetBoutiqueEvaluation/app/Views/admin/ListProduct.php(143): CodeIgniter\Debug\Exceptions->errorHandler(2, 'Undefined varia...', '/Users/zerapie/...', 143)
#1 /Users/zerapie/Documents/GitHub/projetBoutiqueEvaluation/vendor/codeigniter4/framework/system/View/View.php(220): include('/Users/zerapie/...')
#2 /Users/zerapie/Documents/GitHub/projetBoutiqueEvaluation/vendor/codeigniter4/framework/system/View/View.php(222): CodeIgniter\View\View->CodeIgniter\View\{closure}()
#3 /Users/zerapie/Documents/GitHub/projetBoutiqueEvaluation/vendor/codeigniter4/framework/system/Common.php(1217): CodeIgniter\View\View->render('admin/ListProdu...', Array, true)
#4 /Users/zerapie/Documents/GitHub/projetBoutiqueEvaluation/app/Controllers/Admin/ListProduct.php(27): view('admin/ListProdu...', Array)
#5 /Users/zerapie/Documents/GitHub/projetBoutiqueEvaluation/vendor/codeigniter4/framework/system/CodeIgniter.php(936): App\Controllers\Admin\ListProduct->index()
#6 /Users/zerapie/Documents/GitHub/projetBoutiqueEvaluation/vendor/codeigniter4/framework/system/CodeIgniter.php(432): CodeIgniter\CodeIgniter->runController(Object(App\Controllers\Admin\ListProduct))
#7 /Users/zerapie/Documents/GitHub/projetBoutiqueEvaluation/vendor/codeigniter4/framework/system/CodeIgniter.php(333): CodeIgniter\CodeIgniter->handleRequest(NULL, Object(Config\Cache), false)
#8 /Users/zerapie/Documents/GitHub/projetBoutiqueEvaluation/public/index.php(44): CodeIgniter\CodeIgniter->run()
#9 {main}
CRITICAL - 2021-04-12 13:16:06 --> Undefined variable $data
#0 /Users/zerapie/Documents/GitHub/projetBoutiqueEvaluation/app/Views/admin/ListProduct.php(144): CodeIgniter\Debug\Exceptions->errorHandler(2, 'Undefined varia...', '/Users/zerapie/...', 144)
#1 /Users/zerapie/Documents/GitHub/projetBoutiqueEvaluation/vendor/codeigniter4/framework/system/View/View.php(220): include('/Users/zerapie/...')
#2 /Users/zerapie/Documents/GitHub/projetBoutiqueEvaluation/vendor/codeigniter4/framework/system/View/View.php(222): CodeIgniter\View\View->CodeIgniter\View\{closure}()
#3 /Users/zerapie/Documents/GitHub/projetBoutiqueEvaluation/vendor/codeigniter4/framework/system/Common.php(1217): CodeIgniter\View\View->render('admin/ListProdu...', Array, true)
#4 /Users/zerapie/Documents/GitHub/projetBoutiqueEvaluation/app/Controllers/Admin/ListProduct.php(27): view('admin/ListProdu...', Array)
#5 /Users/zerapie/Documents/GitHub/projetBoutiqueEvaluation/vendor/codeigniter4/framework/system/CodeIgniter.php(936): App\Controllers\Admin\ListProduct->index()
#6 /Users/zerapie/Documents/GitHub/projetBoutiqueEvaluation/vendor/codeigniter4/framework/system/CodeIgniter.php(432): CodeIgniter\CodeIgniter->runController(Object(App\Controllers\Admin\ListProduct))
#7 /Users/zerapie/Documents/GitHub/projetBoutiqueEvaluation/vendor/codeigniter4/framework/system/CodeIgniter.php(333): CodeIgniter\CodeIgniter->handleRequest(NULL, Object(Config\Cache), false)
#8 /Users/zerapie/Documents/GitHub/projetBoutiqueEvaluation/public/index.php(44): CodeIgniter\CodeIgniter->run()
#9 {main}
CRITICAL - 2021-04-12 13:17:17 --> Undefined variable $modelProducts
#0 /Users/zerapie/Documents/GitHub/projetBoutiqueEvaluation/app/Views/admin/ListProduct.php(144): CodeIgniter\Debug\Exceptions->errorHandler(2, 'Undefined varia...', '/Users/zerapie/...', 144)
#1 /Users/zerapie/Documents/GitHub/projetBoutiqueEvaluation/vendor/codeigniter4/framework/system/View/View.php(220): include('/Users/zerapie/...')
#2 /Users/zerapie/Documents/GitHub/projetBoutiqueEvaluation/vendor/codeigniter4/framework/system/View/View.php(222): CodeIgniter\View\View->CodeIgniter\View\{closure}()
#3 /Users/zerapie/Documents/GitHub/projetBoutiqueEvaluation/vendor/codeigniter4/framework/system/Common.php(1217): CodeIgniter\View\View->render('admin/ListProdu...', Array, true)
#4 /Users/zerapie/Documents/GitHub/projetBoutiqueEvaluation/app/Controllers/Admin/ListProduct.php(27): view('admin/ListProdu...', Array)
#5 /Users/zerapie/Documents/GitHub/projetBoutiqueEvaluation/vendor/codeigniter4/framework/system/CodeIgniter.php(936): App\Controllers\Admin\ListProduct->index()
#6 /Users/zerapie/Documents/GitHub/projetBoutiqueEvaluation/vendor/codeigniter4/framework/system/CodeIgniter.php(432): CodeIgniter\CodeIgniter->runController(Object(App\Controllers\Admin\ListProduct))
#7 /Users/zerapie/Documents/GitHub/projetBoutiqueEvaluation/vendor/codeigniter4/framework/system/CodeIgniter.php(333): CodeIgniter\CodeIgniter->handleRequest(NULL, Object(Config\Cache), false)
#8 /Users/zerapie/Documents/GitHub/projetBoutiqueEvaluation/public/index.php(44): CodeIgniter\CodeIgniter->run()
#9 {main}
CRITICAL - 2021-04-12 13:20:44 --> Undefined array key "product_name"
#0 /Users/zerapie/Documents/GitHub/projetBoutiqueEvaluation/app/Views/admin/ListProduct.php(145): CodeIgniter\Debug\Exceptions->errorHandler(2, 'Undefined array...', '/Users/zerapie/...', 145)
#1 /Users/zerapie/Documents/GitHub/projetBoutiqueEvaluation/vendor/codeigniter4/framework/system/View/View.php(220): include('/Users/zerapie/...')
#2 /Users/zerapie/Documents/GitHub/projetBoutiqueEvaluation/vendor/codeigniter4/framework/system/View/View.php(222): CodeIgniter\View\View->CodeIgniter\View\{closure}()
#3 /Users/zerapie/Documents/GitHub/projetBoutiqueEvaluation/vendor/codeigniter4/framework/system/Common.php(1217): CodeIgniter\View\View->render('admin/ListProdu...', Array, true)
#4 /Users/zerapie/Documents/GitHub/projetBoutiqueEvaluation/app/Controllers/Admin/ListProduct.php(27): view('admin/ListProdu...', Array)
#5 /Users/zerapie/Documents/GitHub/projetBoutiqueEvaluation/vendor/codeigniter4/framework/system/CodeIgniter.php(936): App\Controllers\Admin\ListProduct->index()
#6 /Users/zerapie/Documents/GitHub/projetBoutiqueEvaluation/vendor/codeigniter4/framework/system/CodeIgniter.php(432): CodeIgniter\CodeIgniter->runController(Object(App\Controllers\Admin\ListProduct))
#7 /Users/zerapie/Documents/GitHub/projetBoutiqueEvaluation/vendor/codeigniter4/framework/system/CodeIgniter.php(333): CodeIgniter\CodeIgniter->handleRequest(NULL, Object(Config\Cache), false)
#8 /Users/zerapie/Documents/GitHub/projetBoutiqueEvaluation/public/index.php(44): CodeIgniter\CodeIgniter->run()
#9 {main}
CRITICAL - 2021-04-12 13:20:48 --> Undefined array key "product_name"
#0 /Users/zerapie/Documents/GitHub/projetBoutiqueEvaluation/app/Views/admin/ListProduct.php(145): CodeIgniter\Debug\Exceptions->errorHandler(2, 'Undefined array...', '/Users/zerapie/...', 145)
#1 /Users/zerapie/Documents/GitHub/projetBoutiqueEvaluation/vendor/codeigniter4/framework/system/View/View.php(220): include('/Users/zerapie/...')
#2 /Users/zerapie/Documents/GitHub/projetBoutiqueEvaluation/vendor/codeigniter4/framework/system/View/View.php(222): CodeIgniter\View\View->CodeIgniter\View\{closure}()
#3 /Users/zerapie/Documents/GitHub/projetBoutiqueEvaluation/vendor/codeigniter4/framework/system/Common.php(1217): CodeIgniter\View\View->render('admin/ListProdu...', Array, true)
#4 /Users/zerapie/Documents/GitHub/projetBoutiqueEvaluation/app/Controllers/Admin/ListProduct.php(27): view('admin/ListProdu...', Array)
#5 /Users/zerapie/Documents/GitHub/projetBoutiqueEvaluation/vendor/codeigniter4/framework/system/CodeIgniter.php(936): App\Controllers\Admin\ListProduct->index()
#6 /Users/zerapie/Documents/GitHub/projetBoutiqueEvaluation/vendor/codeigniter4/framework/system/CodeIgniter.php(432): CodeIgniter\CodeIgniter->runController(Object(App\Controllers\Admin\ListProduct))
#7 /Users/zerapie/Documents/GitHub/projetBoutiqueEvaluation/vendor/codeigniter4/framework/system/CodeIgniter.php(333): CodeIgniter\CodeIgniter->handleRequest(NULL, Object(Config\Cache), false)
#8 /Users/zerapie/Documents/GitHub/projetBoutiqueEvaluation/public/index.php(44): CodeIgniter\CodeIgniter->run()
#9 {main}
CRITICAL - 2021-04-12 13:25:35 --> Undefined array key "categorie_id"
#0 /Users/zerapie/Documents/GitHub/projetBoutiqueEvaluation/app/Views/admin/ListProduct.php(158): CodeIgniter\Debug\Exceptions->errorHandler(2, 'Undefined array...', '/Users/zerapie/...', 158)
#1 /Users/zerapie/Documents/GitHub/projetBoutiqueEvaluation/vendor/codeigniter4/framework/system/View/View.php(220): include('/Users/zerapie/...')
#2 /Users/zerapie/Documents/GitHub/projetBoutiqueEvaluation/vendor/codeigniter4/framework/system/View/View.php(222): CodeIgniter\View\View->CodeIgniter\View\{closure}()
#3 /Users/zerapie/Documents/GitHub/projetBoutiqueEvaluation/vendor/codeigniter4/framework/system/Common.php(1217): CodeIgniter\View\View->render('admin/ListProdu...', Array, true)
#4 /Users/zerapie/Documents/GitHub/projetBoutiqueEvaluation/app/Controllers/Admin/ListProduct.php(27): view('admin/ListProdu...', Array)
#5 /Users/zerapie/Documents/GitHub/projetBoutiqueEvaluation/vendor/codeigniter4/framework/system/CodeIgniter.php(936): App\Controllers\Admin\ListProduct->index()
#6 /Users/zerapie/Documents/GitHub/projetBoutiqueEvaluation/vendor/codeigniter4/framework/system/CodeIgniter.php(432): CodeIgniter\CodeIgniter->runController(Object(App\Controllers\Admin\ListProduct))
#7 /Users/zerapie/Documents/GitHub/projetBoutiqueEvaluation/vendor/codeigniter4/framework/system/CodeIgniter.php(333): CodeIgniter\CodeIgniter->handleRequest(NULL, Object(Config\Cache), false)
#8 /Users/zerapie/Documents/GitHub/projetBoutiqueEvaluation/public/index.php(44): CodeIgniter\CodeIgniter->run()
#9 {main}
CRITICAL - 2021-04-12 13:26:35 --> Undefined array key "categorie_id"
#0 /Users/zerapie/Documents/GitHub/projetBoutiqueEvaluation/app/Views/admin/ListProduct.php(156): CodeIgniter\Debug\Exceptions->errorHandler(2, 'Undefined array...', '/Users/zerapie/...', 156)
#1 /Users/zerapie/Documents/GitHub/projetBoutiqueEvaluation/vendor/codeigniter4/framework/system/View/View.php(220): include('/Users/zerapie/...')
#2 /Users/zerapie/Documents/GitHub/projetBoutiqueEvaluation/vendor/codeigniter4/framework/system/View/View.php(222): CodeIgniter\View\View->CodeIgniter\View\{closure}()
#3 /Users/zerapie/Documents/GitHub/projetBoutiqueEvaluation/vendor/codeigniter4/framework/system/Common.php(1217): CodeIgniter\View\View->render('admin/ListProdu...', Array, true)
#4 /Users/zerapie/Documents/GitHub/projetBoutiqueEvaluation/app/Controllers/Admin/ListProduct.php(27): view('admin/ListProdu...', Array)
#5 /Users/zerapie/Documents/GitHub/projetBoutiqueEvaluation/vendor/codeigniter4/framework/system/CodeIgniter.php(936): App\Controllers\Admin\ListProduct->index()
#6 /Users/zerapie/Documents/GitHub/projetBoutiqueEvaluation/vendor/codeigniter4/framework/system/CodeIgniter.php(432): CodeIgniter\CodeIgniter->runController(Object(App\Controllers\Admin\ListProduct))
#7 /Users/zerapie/Documents/GitHub/projetBoutiqueEvaluation/vendor/codeigniter4/framework/system/CodeIgniter.php(333): CodeIgniter\CodeIgniter->handleRequest(NULL, Object(Config\Cache), false)
#8 /Users/zerapie/Documents/GitHub/projetBoutiqueEvaluation/public/index.php(44): CodeIgniter\CodeIgniter->run()
#9 {main}
CRITICAL - 2021-04-12 13:26:39 --> Undefined array key "categorie_id"
#0 /Users/zerapie/Documents/GitHub/projetBoutiqueEvaluation/app/Views/admin/ListProduct.php(156): CodeIgniter\Debug\Exceptions->errorHandler(2, 'Undefined array...', '/Users/zerapie/...', 156)
#1 /Users/zerapie/Documents/GitHub/projetBoutiqueEvaluation/vendor/codeigniter4/framework/system/View/View.php(220): include('/Users/zerapie/...')
#2 /Users/zerapie/Documents/GitHub/projetBoutiqueEvaluation/vendor/codeigniter4/framework/system/View/View.php(222): CodeIgniter\View\View->CodeIgniter\View\{closure}()
#3 /Users/zerapie/Documents/GitHub/projetBoutiqueEvaluation/vendor/codeigniter4/framework/system/Common.php(1217): CodeIgniter\View\View->render('admin/ListProdu...', Array, true)
#4 /Users/zerapie/Documents/GitHub/projetBoutiqueEvaluation/app/Controllers/Admin/ListProduct.php(27): view('admin/ListProdu...', Array)
#5 /Users/zerapie/Documents/GitHub/projetBoutiqueEvaluation/vendor/codeigniter4/framework/system/CodeIgniter.php(936): App\Controllers\Admin\ListProduct->index()
#6 /Users/zerapie/Documents/GitHub/projetBoutiqueEvaluation/vendor/codeigniter4/framework/system/CodeIgniter.php(432): CodeIgniter\CodeIgniter->runController(Object(App\Controllers\Admin\ListProduct))
#7 /Users/zerapie/Documents/GitHub/projetBoutiqueEvaluation/vendor/codeigniter4/framework/system/CodeIgniter.php(333): CodeIgniter\CodeIgniter->handleRequest(NULL, Object(Config\Cache), false)
#8 /Users/zerapie/Documents/GitHub/projetBoutiqueEvaluation/public/index.php(44): CodeIgniter\CodeIgniter->run()
#9 {main}
CRITICAL - 2021-04-12 13:28:14 --> Undefined array key "categorie_id"
#0 /Users/zerapie/Documents/GitHub/projetBoutiqueEvaluation/app/Views/admin/ListProduct.php(156): CodeIgniter\Debug\Exceptions->errorHandler(2, 'Undefined array...', '/Users/zerapie/...', 156)
#1 /Users/zerapie/Documents/GitHub/projetBoutiqueEvaluation/vendor/codeigniter4/framework/system/View/View.php(220): include('/Users/zerapie/...')
#2 /Users/zerapie/Documents/GitHub/projetBoutiqueEvaluation/vendor/codeigniter4/framework/system/View/View.php(222): CodeIgniter\View\View->CodeIgniter\View\{closure}()
#3 /Users/zerapie/Documents/GitHub/projetBoutiqueEvaluation/vendor/codeigniter4/framework/system/Common.php(1217): CodeIgniter\View\View->render('admin/ListProdu...', Array, true)
#4 /Users/zerapie/Documents/GitHub/projetBoutiqueEvaluation/app/Controllers/Admin/ListProduct.php(28): view('admin/ListProdu...', Array)
#5 /Users/zerapie/Documents/GitHub/projetBoutiqueEvaluation/vendor/codeigniter4/framework/system/CodeIgniter.php(936): App\Controllers\Admin\ListProduct->index()
#6 /Users/zerapie/Documents/GitHub/projetBoutiqueEvaluation/vendor/codeigniter4/framework/system/CodeIgniter.php(432): CodeIgniter\CodeIgniter->runController(Object(App\Controllers\Admin\ListProduct))
#7 /Users/zerapie/Documents/GitHub/projetBoutiqueEvaluation/vendor/codeigniter4/framework/system/CodeIgniter.php(333): CodeIgniter\CodeIgniter->handleRequest(NULL, Object(Config\Cache), false)
#8 /Users/zerapie/Documents/GitHub/projetBoutiqueEvaluation/public/index.php(44): CodeIgniter\CodeIgniter->run()
#9 {main}
CRITICAL - 2021-04-12 13:28:17 --> Undefined array key "categorie_id"
#0 /Users/zerapie/Documents/GitHub/projetBoutiqueEvaluation/app/Views/admin/ListProduct.php(156): CodeIgniter\Debug\Exceptions->errorHandler(2, 'Undefined array...', '/Users/zerapie/...', 156)
#1 /Users/zerapie/Documents/GitHub/projetBoutiqueEvaluation/vendor/codeigniter4/framework/system/View/View.php(220): include('/Users/zerapie/...')
#2 /Users/zerapie/Documents/GitHub/projetBoutiqueEvaluation/vendor/codeigniter4/framework/system/View/View.php(222): CodeIgniter\View\View->CodeIgniter\View\{closure}()
#3 /Users/zerapie/Documents/GitHub/projetBoutiqueEvaluation/vendor/codeigniter4/framework/system/Common.php(1217): CodeIgniter\View\View->render('admin/ListProdu...', Array, true)
#4 /Users/zerapie/Documents/GitHub/projetBoutiqueEvaluation/app/Controllers/Admin/ListProduct.php(28): view('admin/ListProdu...', Array)
#5 /Users/zerapie/Documents/GitHub/projetBoutiqueEvaluation/vendor/codeigniter4/framework/system/CodeIgniter.php(936): App\Controllers\Admin\ListProduct->index()
#6 /Users/zerapie/Documents/GitHub/projetBoutiqueEvaluation/vendor/codeigniter4/framework/system/CodeIgniter.php(432): CodeIgniter\CodeIgniter->runController(Object(App\Controllers\Admin\ListProduct))
#7 /Users/zerapie/Documents/GitHub/projetBoutiqueEvaluation/vendor/codeigniter4/framework/system/CodeIgniter.php(333): CodeIgniter\CodeIgniter->handleRequest(NULL, Object(Config\Cache), false)
#8 /Users/zerapie/Documents/GitHub/projetBoutiqueEvaluation/public/index.php(44): CodeIgniter\CodeIgniter->run()
#9 {main}
CRITICAL - 2021-04-12 13:51:27 --> Undefined array key "Product_photo_name"
#0 /Users/zerapie/Documents/GitHub/projetBoutiqueEvaluation/app/Views/admin/ListProduct.php(153): CodeIgniter\Debug\Exceptions->errorHandler(2, 'Undefined array...', '/Users/zerapie/...', 153)
#1 /Users/zerapie/Documents/GitHub/projetBoutiqueEvaluation/vendor/codeigniter4/framework/system/View/View.php(220): include('/Users/zerapie/...')
#2 /Users/zerapie/Documents/GitHub/projetBoutiqueEvaluation/vendor/codeigniter4/framework/system/View/View.php(222): CodeIgniter\View\View->CodeIgniter\View\{closure}()
#3 /Users/zerapie/Documents/GitHub/projetBoutiqueEvaluation/vendor/codeigniter4/framework/system/Common.php(1217): CodeIgniter\View\View->render('admin/ListProdu...', Array, true)
#4 /Users/zerapie/Documents/GitHub/projetBoutiqueEvaluation/app/Controllers/Admin/ListProduct.php(28): view('admin/ListProdu...', Array)
#5 /Users/zerapie/Documents/GitHub/projetBoutiqueEvaluation/vendor/codeigniter4/framework/system/CodeIgniter.php(936): App\Controllers\Admin\ListProduct->index()
#6 /Users/zerapie/Documents/GitHub/projetBoutiqueEvaluation/vendor/codeigniter4/framework/system/CodeIgniter.php(432): CodeIgniter\CodeIgniter->runController(Object(App\Controllers\Admin\ListProduct))
#7 /Users/zerapie/Documents/GitHub/projetBoutiqueEvaluation/vendor/codeigniter4/framework/system/CodeIgniter.php(333): CodeIgniter\CodeIgniter->handleRequest(NULL, Object(Config\Cache), false)
#8 /Users/zerapie/Documents/GitHub/projetBoutiqueEvaluation/public/index.php(44): CodeIgniter\CodeIgniter->run()
#9 {main}
CRITICAL - 2021-04-12 13:58:58 --> Undefined array key "categorie_id"
#0 /Users/zerapie/Documents/GitHub/projetBoutiqueEvaluation/app/Views/admin/ListProduct.php(156): CodeIgniter\Debug\Exceptions->errorHandler(2, 'Undefined array...', '/Users/zerapie/...', 156)
#1 /Users/zerapie/Documents/GitHub/projetBoutiqueEvaluation/vendor/codeigniter4/framework/system/View/View.php(220): include('/Users/zerapie/...')
#2 /Users/zerapie/Documents/GitHub/projetBoutiqueEvaluation/vendor/codeigniter4/framework/system/View/View.php(222): CodeIgniter\View\View->CodeIgniter\View\{closure}()
#3 /Users/zerapie/Documents/GitHub/projetBoutiqueEvaluation/vendor/codeigniter4/framework/system/Common.php(1217): CodeIgniter\View\View->render('admin/ListProdu...', Array, true)
#4 /Users/zerapie/Documents/GitHub/projetBoutiqueEvaluation/app/Controllers/Admin/ListProduct.php(28): view('admin/ListProdu...', Array)
#5 /Users/zerapie/Documents/GitHub/projetBoutiqueEvaluation/vendor/codeigniter4/framework/system/CodeIgniter.php(936): App\Controllers\Admin\ListProduct->index()
#6 /Users/zerapie/Documents/GitHub/projetBoutiqueEvaluation/vendor/codeigniter4/framework/system/CodeIgniter.php(432): CodeIgniter\CodeIgniter->runController(Object(App\Controllers\Admin\ListProduct))
#7 /Users/zerapie/Documents/GitHub/projetBoutiqueEvaluation/vendor/codeigniter4/framework/system/CodeIgniter.php(333): CodeIgniter\CodeIgniter->handleRequest(NULL, Object(Config\Cache), false)
#8 /Users/zerapie/Documents/GitHub/projetBoutiqueEvaluation/public/index.php(44): CodeIgniter\CodeIgniter->run()
#9 {main}
CRITICAL - 2021-04-12 14:00:03 --> Undefined variable $data
#0 /Users/zerapie/Documents/GitHub/projetBoutiqueEvaluation/app/Views/admin/ListProduct.php(144): CodeIgniter\Debug\Exceptions->errorHandler(2, 'Undefined varia...', '/Users/zerapie/...', 144)
#1 /Users/zerapie/Documents/GitHub/projetBoutiqueEvaluation/vendor/codeigniter4/framework/system/View/View.php(220): include('/Users/zerapie/...')
#2 /Users/zerapie/Documents/GitHub/projetBoutiqueEvaluation/vendor/codeigniter4/framework/system/View/View.php(222): CodeIgniter\View\View->CodeIgniter\View\{closure}()
#3 /Users/zerapie/Documents/GitHub/projetBoutiqueEvaluation/vendor/codeigniter4/framework/system/Common.php(1217): CodeIgniter\View\View->render('admin/ListProdu...', Array, true)
#4 /Users/zerapie/Documents/GitHub/projetBoutiqueEvaluation/app/Controllers/Admin/ListProduct.php(28): view('admin/ListProdu...', Array)
#5 /Users/zerapie/Documents/GitHub/projetBoutiqueEvaluation/vendor/codeigniter4/framework/system/CodeIgniter.php(936): App\Controllers\Admin\ListProduct->index()
#6 /Users/zerapie/Documents/GitHub/projetBoutiqueEvaluation/vendor/codeigniter4/framework/system/CodeIgniter.php(432): CodeIgniter\CodeIgniter->runController(Object(App\Controllers\Admin\ListProduct))
#7 /Users/zerapie/Documents/GitHub/projetBoutiqueEvaluation/vendor/codeigniter4/framework/system/CodeIgniter.php(333): CodeIgniter\CodeIgniter->handleRequest(NULL, Object(Config\Cache), false)
#8 /Users/zerapie/Documents/GitHub/projetBoutiqueEvaluation/public/index.php(44): CodeIgniter\CodeIgniter->run()
#9 {main}
CRITICAL - 2021-04-12 14:23:00 --> Undefined array key "category_id"
#0 /Users/zerapie/Documents/GitHub/projetBoutiqueEvaluation/app/Views/admin/ListProduct.php(156): CodeIgniter\Debug\Exceptions->errorHandler(2, 'Undefined array...', '/Users/zerapie/...', 156)
#1 /Users/zerapie/Documents/GitHub/projetBoutiqueEvaluation/vendor/codeigniter4/framework/system/View/View.php(220): include('/Users/zerapie/...')
#2 /Users/zerapie/Documents/GitHub/projetBoutiqueEvaluation/vendor/codeigniter4/framework/system/View/View.php(222): CodeIgniter\View\View->CodeIgniter\View\{closure}()
#3 /Users/zerapie/Documents/GitHub/projetBoutiqueEvaluation/vendor/codeigniter4/framework/system/Common.php(1217): CodeIgniter\View\View->render('admin/ListProdu...', Array, true)
#4 /Users/zerapie/Documents/GitHub/projetBoutiqueEvaluation/app/Controllers/Admin/ListProduct.php(32): view('admin/ListProdu...', Array)
#5 /Users/zerapie/Documents/GitHub/projetBoutiqueEvaluation/vendor/codeigniter4/framework/system/CodeIgniter.php(936): App\Controllers\Admin\ListProduct->index()
#6 /Users/zerapie/Documents/GitHub/projetBoutiqueEvaluation/vendor/codeigniter4/framework/system/CodeIgniter.php(432): CodeIgniter\CodeIgniter->runController(Object(App\Controllers\Admin\ListProduct))
#7 /Users/zerapie/Documents/GitHub/projetBoutiqueEvaluation/vendor/codeigniter4/framework/system/CodeIgniter.php(333): CodeIgniter\CodeIgniter->handleRequest(NULL, Object(Config\Cache), false)
#8 /Users/zerapie/Documents/GitHub/projetBoutiqueEvaluation/public/index.php(44): CodeIgniter\CodeIgniter->run()
#9 {main}
CRITICAL - 2021-04-12 14:24:53 --> Undefined array key "category_name"
#0 /Users/zerapie/Documents/GitHub/projetBoutiqueEvaluation/app/Views/admin/ListProduct.php(144): CodeIgniter\Debug\Exceptions->errorHandler(2, 'Undefined array...', '/Users/zerapie/...', 144)
#1 /Users/zerapie/Documents/GitHub/projetBoutiqueEvaluation/vendor/codeigniter4/framework/system/View/View.php(220): include('/Users/zerapie/...')
#2 /Users/zerapie/Documents/GitHub/projetBoutiqueEvaluation/vendor/codeigniter4/framework/system/View/View.php(222): CodeIgniter\View\View->CodeIgniter\View\{closure}()
#3 /Users/zerapie/Documents/GitHub/projetBoutiqueEvaluation/vendor/codeigniter4/framework/system/Common.php(1217): CodeIgniter\View\View->render('admin/ListProdu...', Array, true)
#4 /Users/zerapie/Documents/GitHub/projetBoutiqueEvaluation/app/Controllers/Admin/ListProduct.php(32): view('admin/ListProdu...', Array)
#5 /Users/zerapie/Documents/GitHub/projetBoutiqueEvaluation/vendor/codeigniter4/framework/system/CodeIgniter.php(936): App\Controllers\Admin\ListProduct->index()
#6 /Users/zerapie/Documents/GitHub/projetBoutiqueEvaluation/vendor/codeigniter4/framework/system/CodeIgniter.php(432): CodeIgniter\CodeIgniter->runController(Object(App\Controllers\Admin\ListProduct))
#7 /Users/zerapie/Documents/GitHub/projetBoutiqueEvaluation/vendor/codeigniter4/framework/system/CodeIgniter.php(333): CodeIgniter\CodeIgniter->handleRequest(NULL, Object(Config\Cache), false)
#8 /Users/zerapie/Documents/GitHub/projetBoutiqueEvaluation/public/index.php(44): CodeIgniter\CodeIgniter->run()
#9 {main}
CRITICAL - 2021-04-12 14:25:12 --> Undefined array key "category_name"
#0 /Users/zerapie/Documents/GitHub/projetBoutiqueEvaluation/app/Views/admin/ListProduct.php(156): CodeIgniter\Debug\Exceptions->errorHandler(2, 'Undefined array...', '/Users/zerapie/...', 156)
#1 /Users/zerapie/Documents/GitHub/projetBoutiqueEvaluation/vendor/codeigniter4/framework/system/View/View.php(220): include('/Users/zerapie/...')
#2 /Users/zerapie/Documents/GitHub/projetBoutiqueEvaluation/vendor/codeigniter4/framework/system/View/View.php(222): CodeIgniter\View\View->CodeIgniter\View\{closure}()
#3 /Users/zerapie/Documents/GitHub/projetBoutiqueEvaluation/vendor/codeigniter4/framework/system/Common.php(1217): CodeIgniter\View\View->render('admin/ListProdu...', Array, true)
#4 /Users/zerapie/Documents/GitHub/projetBoutiqueEvaluation/app/Controllers/Admin/ListProduct.php(32): view('admin/ListProdu...', Array)
#5 /Users/zerapie/Documents/GitHub/projetBoutiqueEvaluation/vendor/codeigniter4/framework/system/CodeIgniter.php(936): App\Controllers\Admin\ListProduct->index()
#6 /Users/zerapie/Documents/GitHub/projetBoutiqueEvaluation/vendor/codeigniter4/framework/system/CodeIgniter.php(432): CodeIgniter\CodeIgniter->runController(Object(App\Controllers\Admin\ListProduct))
#7 /Users/zerapie/Documents/GitHub/projetBoutiqueEvaluation/vendor/codeigniter4/framework/system/CodeIgniter.php(333): CodeIgniter\CodeIgniter->handleRequest(NULL, Object(Config\Cache), false)
#8 /Users/zerapie/Documents/GitHub/projetBoutiqueEvaluation/public/index.php(44): CodeIgniter\CodeIgniter->run()
#9 {main}
CRITICAL - 2021-04-12 14:26:29 --> Undefined array key "category_name"
#0 /Users/zerapie/Documents/GitHub/projetBoutiqueEvaluation/app/Views/admin/ListProduct.php(156): CodeIgniter\Debug\Exceptions->errorHandler(2, 'Undefined array...', '/Users/zerapie/...', 156)
#1 /Users/zerapie/Documents/GitHub/projetBoutiqueEvaluation/vendor/codeigniter4/framework/system/View/View.php(220): include('/Users/zerapie/...')
#2 /Users/zerapie/Documents/GitHub/projetBoutiqueEvaluation/vendor/codeigniter4/framework/system/View/View.php(222): CodeIgniter\View\View->CodeIgniter\View\{closure}()
#3 /Users/zerapie/Documents/GitHub/projetBoutiqueEvaluation/vendor/codeigniter4/framework/system/Common.php(1217): CodeIgniter\View\View->render('admin/ListProdu...', Array, true)
#4 /Users/zerapie/Documents/GitHub/projetBoutiqueEvaluation/app/Controllers/Admin/ListProduct.php(32): view('admin/ListProdu...', Array)
#5 /Users/zerapie/Documents/GitHub/projetBoutiqueEvaluation/vendor/codeigniter4/framework/system/CodeIgniter.php(936): App\Controllers\Admin\ListProduct->index()
#6 /Users/zerapie/Documents/GitHub/projetBoutiqueEvaluation/vendor/codeigniter4/framework/system/CodeIgniter.php(432): CodeIgniter\CodeIgniter->runController(Object(App\Controllers\Admin\ListProduct))
#7 /Users/zerapie/Documents/GitHub/projetBoutiqueEvaluation/vendor/codeigniter4/framework/system/CodeIgniter.php(333): CodeIgniter\CodeIgniter->handleRequest(NULL, Object(Config\Cache), false)
#8 /Users/zerapie/Documents/GitHub/projetBoutiqueEvaluation/public/index.php(44): CodeIgniter\CodeIgniter->run()
#9 {main}
